============================= test session starts ==============================
platform linux2 -- Python 2.7.13, pytest-3.0.7, py-1.4.33, pluggy-0.4.0
rootdir: /home/mehboob/Desktop/assignment21, inifile:
plugins: timeout-1.2.0
timeout: 5.0s method: signal
collected 10 items

test_student.py ...FFFFFFF

=================================== FAILURES ===================================
_______________________________ test_get_prime_1 _______________________________

    def test_get_prime_1():
>       assert get_largest_prime(7920) == 7919
E       NameError: global name 'get_largest_prime' is not defined

test_student.py:22: NameError
_______________________________ test_get_prime_2 _______________________________

    def test_get_prime_2():
>       assert get_largest_prime(87) == 83
E       NameError: global name 'get_largest_prime' is not defined

test_student.py:26: NameError
_______________________________ test_get_prime_3 _______________________________

    def test_get_prime_3():
>       assert get_largest_prime(87.9) == 83
E       NameError: global name 'get_largest_prime' is not defined

test_student.py:29: NameError
_______________________________ test_get_prime_4 _______________________________

    def test_get_prime_4():
>       assert get_largest_prime(0) == None
E       NameError: global name 'get_largest_prime' is not defined

test_student.py:33: NameError
_______________________________ test_get_prime_5 _______________________________

    def test_get_prime_5():
>       assert get_largest_prime(7) == 7
E       NameError: global name 'get_largest_prime' is not defined

test_student.py:37: NameError
____________________________ test_output_factors_1 _____________________________

    def test_output_factors_1():
>       v, out = capture_output(output_factors)(10)
E       NameError: global name 'output_factors' is not defined

test_student.py:43: NameError
____________________________ test_output_factors_2 _____________________________

    def test_output_factors_2():
>       v, out = capture_output(output_factors)(99)
E       NameError: global name 'output_factors' is not defined

test_student.py:47: NameError
====================== 7 failed, 3 passed in 0.30 seconds ======================
============================= test session starts ==============================
platform linux2 -- Python 2.7.13, pytest-3.0.7, py-1.4.33, pluggy-0.4.0
rootdir: /home/mehboob/Desktop/assignment21, inifile:
plugins: timeout-1.2.0
timeout: 5.0s method: signal
collected 10 items

test_student.py ..FFFFFFFF

=================================== FAILURES ===================================
_____________________________ test_isprime_float_2 _____________________________

    def test_isprime_float_2():
>       assert is_prime(6.09) == False
E       assert True == False
E        +  where True = is_prime(6.09)

test_student.py:16: AssertionError
_______________________________ test_get_prime_1 _______________________________

    def test_get_prime_1():
>       assert get_largest_prime(7920) == 7919
E       NameError: global name 'get_largest_prime' is not defined

test_student.py:22: NameError
_______________________________ test_get_prime_2 _______________________________

    def test_get_prime_2():
>       assert get_largest_prime(87) == 83
E       NameError: global name 'get_largest_prime' is not defined

test_student.py:26: NameError
_______________________________ test_get_prime_3 _______________________________

    def test_get_prime_3():
>       assert get_largest_prime(87.9) == 83
E       NameError: global name 'get_largest_prime' is not defined

test_student.py:29: NameError
_______________________________ test_get_prime_4 _______________________________

    def test_get_prime_4():
>       assert get_largest_prime(0) == None
E       NameError: global name 'get_largest_prime' is not defined

test_student.py:33: NameError
_______________________________ test_get_prime_5 _______________________________

    def test_get_prime_5():
>       assert get_largest_prime(7) == 7
E       NameError: global name 'get_largest_prime' is not defined

test_student.py:37: NameError
____________________________ test_output_factors_1 _____________________________

    def test_output_factors_1():
>       v, out = capture_output(output_factors)(10)
E       NameError: global name 'output_factors' is not defined

test_student.py:43: NameError
____________________________ test_output_factors_2 _____________________________

    def test_output_factors_2():
>       v, out = capture_output(output_factors)(99)
E       NameError: global name 'output_factors' is not defined

test_student.py:47: NameError
====================== 8 failed, 2 passed in 0.24 seconds ======================
============================= test session starts ==============================
platform linux2 -- Python 2.7.13, pytest-3.0.7, py-1.4.33, pluggy-0.4.0
rootdir: /home/mehboob/Desktop/assignment21, inifile:
plugins: timeout-1.2.0
timeout: 5.0s method: signal
collected 10 items

test_student.py ..FFFFFFFF

=================================== FAILURES ===================================
_____________________________ test_isprime_float_2 _____________________________

    def test_isprime_float_2():
>       assert is_prime(6.09) == False
E       assert True == False
E        +  where True = is_prime(6.09)

test_student.py:16: AssertionError
_______________________________ test_get_prime_1 _______________________________

    def test_get_prime_1():
>       assert get_largest_prime(7920) == 7919
E       NameError: global name 'get_largest_prime' is not defined

test_student.py:22: NameError
_______________________________ test_get_prime_2 _______________________________

    def test_get_prime_2():
>       assert get_largest_prime(87) == 83
E       NameError: global name 'get_largest_prime' is not defined

test_student.py:26: NameError
_______________________________ test_get_prime_3 _______________________________

    def test_get_prime_3():
>       assert get_largest_prime(87.9) == 83
E       NameError: global name 'get_largest_prime' is not defined

test_student.py:29: NameError
_______________________________ test_get_prime_4 _______________________________

    def test_get_prime_4():
>       assert get_largest_prime(0) == None
E       NameError: global name 'get_largest_prime' is not defined

test_student.py:33: NameError
_______________________________ test_get_prime_5 _______________________________

    def test_get_prime_5():
>       assert get_largest_prime(7) == 7
E       NameError: global name 'get_largest_prime' is not defined

test_student.py:37: NameError
____________________________ test_output_factors_1 _____________________________

    def test_output_factors_1():
>       v, out = capture_output(output_factors)(10)
E       NameError: global name 'output_factors' is not defined

test_student.py:43: NameError
____________________________ test_output_factors_2 _____________________________

    def test_output_factors_2():
>       v, out = capture_output(output_factors)(99)
E       NameError: global name 'output_factors' is not defined

test_student.py:47: NameError
====================== 8 failed, 2 passed in 0.22 seconds ======================
============================= test session starts ==============================
platform linux2 -- Python 2.7.13, pytest-3.0.7, py-1.4.33, pluggy-0.4.0
rootdir: /home/mehboob/Desktop/assignment21, inifile:
plugins: timeout-1.2.0
timeout: 5.0s method: signal
collected 10 items

test_student.py ...FFFFFFF

=================================== FAILURES ===================================
_______________________________ test_get_prime_1 _______________________________

    def test_get_prime_1():
>       assert get_largest_prime(7920) == 7919
E       NameError: global name 'get_largest_prime' is not defined

test_student.py:22: NameError
_______________________________ test_get_prime_2 _______________________________

    def test_get_prime_2():
>       assert get_largest_prime(87) == 83
E       NameError: global name 'get_largest_prime' is not defined

test_student.py:26: NameError
_______________________________ test_get_prime_3 _______________________________

    def test_get_prime_3():
>       assert get_largest_prime(87.9) == 83
E       NameError: global name 'get_largest_prime' is not defined

test_student.py:29: NameError
_______________________________ test_get_prime_4 _______________________________

    def test_get_prime_4():
>       assert get_largest_prime(0) == None
E       NameError: global name 'get_largest_prime' is not defined

test_student.py:33: NameError
_______________________________ test_get_prime_5 _______________________________

    def test_get_prime_5():
>       assert get_largest_prime(7) == 7
E       NameError: global name 'get_largest_prime' is not defined

test_student.py:37: NameError
____________________________ test_output_factors_1 _____________________________

    def test_output_factors_1():
>       v, out = capture_output(output_factors)(10)
E       NameError: global name 'output_factors' is not defined

test_student.py:43: NameError
____________________________ test_output_factors_2 _____________________________

    def test_output_factors_2():
>       v, out = capture_output(output_factors)(99)
E       NameError: global name 'output_factors' is not defined

test_student.py:47: NameError
====================== 7 failed, 3 passed in 0.21 seconds ======================
============================= test session starts ==============================
platform linux2 -- Python 2.7.13, pytest-3.0.7, py-1.4.33, pluggy-0.4.0
rootdir: /home/mehboob/Desktop/assignment21, inifile:
plugins: timeout-1.2.0
timeout: 5.0s method: signal
collected 10 items

test_student.py ...FFFFFFF

=================================== FAILURES ===================================
_______________________________ test_get_prime_1 _______________________________

    def test_get_prime_1():
>       assert get_largest_prime(7920) == 7919
E       NameError: global name 'get_largest_prime' is not defined

test_student.py:22: NameError
_______________________________ test_get_prime_2 _______________________________

    def test_get_prime_2():
>       assert get_largest_prime(87) == 83
E       NameError: global name 'get_largest_prime' is not defined

test_student.py:26: NameError
_______________________________ test_get_prime_3 _______________________________

    def test_get_prime_3():
>       assert get_largest_prime(87.9) == 83
E       NameError: global name 'get_largest_prime' is not defined

test_student.py:29: NameError
_______________________________ test_get_prime_4 _______________________________

    def test_get_prime_4():
>       assert get_largest_prime(0) == None
E       NameError: global name 'get_largest_prime' is not defined

test_student.py:33: NameError
_______________________________ test_get_prime_5 _______________________________

    def test_get_prime_5():
>       assert get_largest_prime(7) == 7
E       NameError: global name 'get_largest_prime' is not defined

test_student.py:37: NameError
____________________________ test_output_factors_1 _____________________________

    def test_output_factors_1():
>       v, out = capture_output(output_factors)(10)
E       NameError: global name 'output_factors' is not defined

test_student.py:43: NameError
____________________________ test_output_factors_2 _____________________________

    def test_output_factors_2():
>       v, out = capture_output(output_factors)(99)
E       NameError: global name 'output_factors' is not defined

test_student.py:47: NameError
====================== 7 failed, 3 passed in 0.21 seconds ======================
============================= test session starts ==============================
platform linux2 -- Python 2.7.13, pytest-3.0.7, py-1.4.33, pluggy-0.4.0
rootdir: /home/mehboob/Desktop/assignment21, inifile:
plugins: timeout-1.2.0
timeout: 5.0s method: signal
collected 10 items

test_student.py ...FFFFFFF

=================================== FAILURES ===================================
_______________________________ test_get_prime_1 _______________________________

    def test_get_prime_1():
>       assert get_largest_prime(7920) == 7919
E       NameError: global name 'get_largest_prime' is not defined

test_student.py:22: NameError
_______________________________ test_get_prime_2 _______________________________

    def test_get_prime_2():
>       assert get_largest_prime(87) == 83
E       NameError: global name 'get_largest_prime' is not defined

test_student.py:26: NameError
_______________________________ test_get_prime_3 _______________________________

    def test_get_prime_3():
>       assert get_largest_prime(87.9) == 83
E       NameError: global name 'get_largest_prime' is not defined

test_student.py:29: NameError
_______________________________ test_get_prime_4 _______________________________

    def test_get_prime_4():
>       assert get_largest_prime(0) == None
E       NameError: global name 'get_largest_prime' is not defined

test_student.py:33: NameError
_______________________________ test_get_prime_5 _______________________________

    def test_get_prime_5():
>       assert get_largest_prime(7) == 7
E       NameError: global name 'get_largest_prime' is not defined

test_student.py:37: NameError
____________________________ test_output_factors_1 _____________________________

    def test_output_factors_1():
>       v, out = capture_output(output_factors)(10)
E       NameError: global name 'output_factors' is not defined

test_student.py:43: NameError
____________________________ test_output_factors_2 _____________________________

    def test_output_factors_2():
>       v, out = capture_output(output_factors)(99)
E       NameError: global name 'output_factors' is not defined

test_student.py:47: NameError
====================== 7 failed, 3 passed in 0.21 seconds ======================
============================= test session starts ==============================
platform linux2 -- Python 2.7.13, pytest-3.0.7, py-1.4.33, pluggy-0.4.0
rootdir: /home/mehboob/Desktop/assignment21, inifile:
plugins: timeout-1.2.0
timeout: 5.0s method: signal
collected 10 items

test_student.py ...FFFFFFF

=================================== FAILURES ===================================
_______________________________ test_get_prime_1 _______________________________

    def test_get_prime_1():
>       assert get_largest_prime(7920) == 7919
E       NameError: global name 'get_largest_prime' is not defined

test_student.py:22: NameError
_______________________________ test_get_prime_2 _______________________________

    def test_get_prime_2():
>       assert get_largest_prime(87) == 83
E       NameError: global name 'get_largest_prime' is not defined

test_student.py:26: NameError
_______________________________ test_get_prime_3 _______________________________

    def test_get_prime_3():
>       assert get_largest_prime(87.9) == 83
E       NameError: global name 'get_largest_prime' is not defined

test_student.py:29: NameError
_______________________________ test_get_prime_4 _______________________________

    def test_get_prime_4():
>       assert get_largest_prime(0) == None
E       NameError: global name 'get_largest_prime' is not defined

test_student.py:33: NameError
_______________________________ test_get_prime_5 _______________________________

    def test_get_prime_5():
>       assert get_largest_prime(7) == 7
E       NameError: global name 'get_largest_prime' is not defined

test_student.py:37: NameError
____________________________ test_output_factors_1 _____________________________

    def test_output_factors_1():
>       v, out = capture_output(output_factors)(10)
E       NameError: global name 'output_factors' is not defined

test_student.py:43: NameError
____________________________ test_output_factors_2 _____________________________

    def test_output_factors_2():
>       v, out = capture_output(output_factors)(99)
E       NameError: global name 'output_factors' is not defined

test_student.py:47: NameError
====================== 7 failed, 3 passed in 0.33 seconds ======================
============================= test session starts =============================
platform linux2 -- Python 2.7.13, pytest-3.0.7, py-1.4.33, pluggy-0.4.0
rootdir: /home/mehboob/Desktop/assignment21, inifile:
plugins: timeout-1.2.0
timeout: 5.0s method: signal
collected 10 items

test_student.py ....FFF...

================================== FAILURES ===================================
______________________________ test_get_prime_2 _______________________________

    def test_get_prime_2():
>       assert get_largest_prime(87) == 83
E       assert 85 == 83
E        +  where 85 = get_largest_prime(87)

test_student.py:26: AssertionError
______________________________ test_get_prime_3 _______________________________

    def test_get_prime_3():
>       assert get_largest_prime(87.9) == 83

test_student.py:29: 
_ _ _ _ _ _ _ _ _ _ _ _ _ _ _ _ _ _ _ _ _ _ _ _ _ _ _ _ _ _ _ _ _ _ _ _ _ _ _ _
a05.py:33: in get_largest_prime
    return get_largest_prime(x)
a05.py:33: in get_largest_prime
    return get_largest_prime(x)
a05.py:33: in get_largest_prime
    return get_largest_prime(x)
a05.py:33: in get_largest_prime
    return get_largest_prime(x)
a05.py:33: in get_largest_prime
    return get_largest_prime(x)
a05.py:33: in get_largest_prime
    return get_largest_prime(x)
a05.py:33: in get_largest_prime
    return get_largest_prime(x)
a05.py:33: in get_largest_prime
    return get_largest_prime(x)
a05.py:33: in get_largest_prime
    return get_largest_prime(x)
a05.py:33: in get_largest_prime
    return get_largest_prime(x)
a05.py:33: in get_largest_prime
    return get_largest_prime(x)
a05.py:33: in get_largest_prime
    return get_largest_prime(x)
a05.py:33: in get_largest_prime
    return get_largest_prime(x)
a05.py:33: in get_largest_prime
    return get_largest_prime(x)
a05.py:33: in get_largest_prime
    return get_largest_prime(x)
a05.py:33: in get_largest_prime
    return get_largest_prime(x)
a05.py:33: in get_largest_prime
    return get_largest_prime(x)
a05.py:33: in get_largest_prime
    return get_largest_prime(x)
a05.py:33: in get_largest_prime
    return get_largest_prime(x)
a05.py:33: in get_largest_prime
    return get_largest_prime(x)
a05.py:33: in get_largest_prime
    return get_largest_prime(x)
a05.py:33: in get_largest_prime
    return get_largest_prime(x)
a05.py:33: in get_largest_prime
    return get_largest_prime(x)
a05.py:33: in get_largest_prime
    return get_largest_prime(x)
a05.py:33: in get_largest_prime
    return get_largest_prime(x)
a05.py:33: in get_largest_prime
    return get_largest_prime(x)
a05.py:33: in get_largest_prime
    return get_largest_prime(x)
a05.py:33: in get_largest_prime
    return get_largest_prime(x)
a05.py:33: in get_largest_prime
    return get_largest_prime(x)
a05.py:33: in get_largest_prime
    return get_largest_prime(x)
a05.py:33: in get_largest_prime
    return get_largest_prime(x)
a05.py:33: in get_largest_prime
    return get_largest_prime(x)
a05.py:33: in get_largest_prime
    return get_largest_prime(x)
a05.py:33: in get_largest_prime
    return get_largest_prime(x)
a05.py:33: in get_largest_prime
    return get_largest_prime(x)
a05.py:33: in get_largest_prime
    return get_largest_prime(x)
a05.py:33: in get_largest_prime
    return get_largest_prime(x)
a05.py:33: in get_largest_prime
    return get_largest_prime(x)
a05.py:33: in get_largest_prime
    return get_largest_prime(x)
a05.py:33: in get_largest_prime
    return get_largest_prime(x)
a05.py:33: in get_largest_prime
    return get_largest_prime(x)
a05.py:33: in get_largest_prime
    return get_largest_prime(x)
a05.py:33: in get_largest_prime
    return get_largest_prime(x)
a05.py:33: in get_largest_prime
    return get_largest_prime(x)
a05.py:33: in get_largest_prime
    return get_largest_prime(x)
a05.py:33: in get_largest_prime
    return get_largest_prime(x)
a05.py:33: in get_largest_prime
    return get_largest_prime(x)
a05.py:33: in get_largest_prime
    return get_largest_prime(x)
a05.py:33: in get_largest_prime
    return get_largest_prime(x)
a05.py:33: in get_largest_prime
    return get_largest_prime(x)
a05.py:33: in get_largest_prime
    return get_largest_prime(x)
a05.py:33: in get_largest_prime
    return get_largest_prime(x)
a05.py:33: in get_largest_prime
    return get_largest_prime(x)
a05.py:33: in get_largest_prime
    return get_largest_prime(x)
a05.py:33: in get_largest_prime
    return get_largest_prime(x)
a05.py:33: in get_largest_prime
    return get_largest_prime(x)
a05.py:33: in get_largest_prime
    return get_largest_prime(x)
a05.py:33: in get_largest_prime
    return get_largest_prime(x)
a05.py:33: in get_largest_prime
    return get_largest_prime(x)
a05.py:33: in get_largest_prime
    return get_largest_prime(x)
a05.py:33: in get_largest_prime
    return get_largest_prime(x)
a05.py:33: in get_largest_prime
    return get_largest_prime(x)
a05.py:33: in get_largest_prime
    return get_largest_prime(x)
a05.py:33: in get_largest_prime
    return get_largest_prime(x)
a05.py:33: in get_largest_prime
    return get_largest_prime(x)
a05.py:33: in get_largest_prime
    return get_largest_prime(x)
a05.py:33: in get_largest_prime
    return get_largest_prime(x)
a05.py:33: in get_largest_prime
    return get_largest_prime(x)
a05.py:33: in get_largest_prime
    return get_largest_prime(x)
a05.py:33: in get_largest_prime
    return get_largest_prime(x)
a05.py:33: in get_largest_prime
    return get_largest_prime(x)
a05.py:33: in get_largest_prime
    return get_largest_prime(x)
a05.py:33: in get_largest_prime
    return get_largest_prime(x)
a05.py:33: in get_largest_prime
    return get_largest_prime(x)
a05.py:33: in get_largest_prime
    return get_largest_prime(x)
a05.py:33: in get_largest_prime
    return get_largest_prime(x)
a05.py:33: in get_largest_prime
    return get_largest_prime(x)
a05.py:33: in get_largest_prime
    return get_largest_prime(x)
a05.py:33: in get_largest_prime
    return get_largest_prime(x)
a05.py:33: in get_largest_prime
    return get_largest_prime(x)
a05.py:33: in get_largest_prime
    return get_largest_prime(x)
a05.py:33: in get_largest_prime
    return get_largest_prime(x)
a05.py:33: in get_largest_prime
    return get_largest_prime(x)
a05.py:33: in get_largest_prime
    return get_largest_prime(x)
a05.py:33: in get_largest_prime
    return get_largest_prime(x)
a05.py:33: in get_largest_prime
    return get_largest_prime(x)
a05.py:33: in get_largest_prime
    return get_largest_prime(x)
a05.py:33: in get_largest_prime
    return get_largest_prime(x)
a05.py:33: in get_largest_prime
    return get_largest_prime(x)
a05.py:33: in get_largest_prime
    return get_largest_prime(x)
a05.py:33: in get_largest_prime
    return get_largest_prime(x)
a05.py:33: in get_largest_prime
    return get_largest_prime(x)
a05.py:33: in get_largest_prime
    return get_largest_prime(x)
a05.py:33: in get_largest_prime
    return get_largest_prime(x)
a05.py:33: in get_largest_prime
    return get_largest_prime(x)
a05.py:33: in get_largest_prime
    return get_largest_prime(x)
a05.py:33: in get_largest_prime
    return get_largest_prime(x)
a05.py:33: in get_largest_prime
    return get_largest_prime(x)
a05.py:33: in get_largest_prime
    return get_largest_prime(x)
a05.py:33: in get_largest_prime
    return get_largest_prime(x)
a05.py:33: in get_largest_prime
    return get_largest_prime(x)
a05.py:33: in get_largest_prime
    return get_largest_prime(x)
a05.py:33: in get_largest_prime
    return get_largest_prime(x)
a05.py:33: in get_largest_prime
    return get_largest_prime(x)
a05.py:33: in get_largest_prime
    return get_largest_prime(x)
a05.py:33: in get_largest_prime
    return get_largest_prime(x)
a05.py:33: in get_largest_prime
    return get_largest_prime(x)
a05.py:33: in get_largest_prime
    return get_largest_prime(x)
a05.py:33: in get_largest_prime
    return get_largest_prime(x)
a05.py:33: in get_largest_prime
    return get_largest_prime(x)
a05.py:33: in get_largest_prime
    return get_largest_prime(x)
a05.py:33: in get_largest_prime
    return get_largest_prime(x)
a05.py:33: in get_largest_prime
    return get_largest_prime(x)
a05.py:33: in get_largest_prime
    return get_largest_prime(x)
a05.py:33: in get_largest_prime
    return get_largest_prime(x)
a05.py:33: in get_largest_prime
    return get_largest_prime(x)
a05.py:33: in get_largest_prime
    return get_largest_prime(x)
a05.py:33: in get_largest_prime
    return get_largest_prime(x)
a05.py:33: in get_largest_prime
    return get_largest_prime(x)
a05.py:33: in get_largest_prime
    return get_largest_prime(x)
a05.py:33: in get_largest_prime
    return get_largest_prime(x)
a05.py:33: in get_largest_prime
    return get_largest_prime(x)
a05.py:33: in get_largest_prime
    return get_largest_prime(x)
a05.py:33: in get_largest_prime
    return get_largest_prime(x)
a05.py:33: in get_largest_prime
    return get_largest_prime(x)
a05.py:33: in get_largest_prime
    return get_largest_prime(x)
a05.py:33: in get_largest_prime
    return get_largest_prime(x)
a05.py:33: in get_largest_prime
    return get_largest_prime(x)
a05.py:33: in get_largest_prime
    return get_largest_prime(x)
a05.py:33: in get_largest_prime
    return get_largest_prime(x)
a05.py:33: in get_largest_prime
    return get_largest_prime(x)
a05.py:33: in get_largest_prime
    return get_largest_prime(x)
a05.py:33: in get_largest_prime
    return get_largest_prime(x)
a05.py:33: in get_largest_prime
    return get_largest_prime(x)
a05.py:33: in get_largest_prime
    return get_largest_prime(x)
a05.py:33: in get_largest_prime
    return get_largest_prime(x)
a05.py:33: in get_largest_prime
    return get_largest_prime(x)
a05.py:33: in get_largest_prime
    return get_largest_prime(x)
a05.py:33: in get_largest_prime
    return get_largest_prime(x)
a05.py:33: in get_largest_prime
    return get_largest_prime(x)
a05.py:33: in get_largest_prime
    return get_largest_prime(x)
a05.py:33: in get_largest_prime
    return get_largest_prime(x)
a05.py:33: in get_largest_prime
    return get_largest_prime(x)
a05.py:33: in get_largest_prime
    return get_largest_prime(x)
a05.py:33: in get_largest_prime
    return get_largest_prime(x)
a05.py:33: in get_largest_prime
    return get_largest_prime(x)
a05.py:33: in get_largest_prime
    return get_largest_prime(x)
a05.py:33: in get_largest_prime
    return get_largest_prime(x)
a05.py:33: in get_largest_prime
    return get_largest_prime(x)
a05.py:33: in get_largest_prime
    return get_largest_prime(x)
a05.py:33: in get_largest_prime
    return get_largest_prime(x)
a05.py:33: in get_largest_prime
    return get_largest_prime(x)
a05.py:33: in get_largest_prime
    return get_largest_prime(x)
a05.py:33: in get_largest_prime
    return get_largest_prime(x)
a05.py:33: in get_largest_prime
    return get_largest_prime(x)
a05.py:33: in get_largest_prime
    return get_largest_prime(x)
a05.py:33: in get_largest_prime
    return get_largest_prime(x)
a05.py:33: in get_largest_prime
    return get_largest_prime(x)
a05.py:33: in get_largest_prime
    return get_largest_prime(x)
a05.py:33: in get_largest_prime
    return get_largest_prime(x)
a05.py:33: in get_largest_prime
    return get_largest_prime(x)
a05.py:33: in get_largest_prime
    return get_largest_prime(x)
a05.py:33: in get_largest_prime
    return get_largest_prime(x)
a05.py:33: in get_largest_prime
    return get_largest_prime(x)
a05.py:33: in get_largest_prime
    return get_largest_prime(x)
a05.py:33: in get_largest_prime
    return get_largest_prime(x)
a05.py:33: in get_largest_prime
    return get_largest_prime(x)
a05.py:33: in get_largest_prime
    return get_largest_prime(x)
a05.py:33: in get_largest_prime
    return get_largest_prime(x)
a05.py:33: in get_largest_prime
    return get_largest_prime(x)
a05.py:33: in get_largest_prime
    return get_largest_prime(x)
a05.py:33: in get_largest_prime
    return get_largest_prime(x)
a05.py:33: in get_largest_prime
    return get_largest_prime(x)
a05.py:33: in get_largest_prime
    return get_largest_prime(x)
a05.py:33: in get_largest_prime
    return get_largest_prime(x)
a05.py:33: in get_largest_prime
    return get_largest_prime(x)
a05.py:33: in get_largest_prime
    return get_largest_prime(x)
a05.py:33: in get_largest_prime
    return get_largest_prime(x)
a05.py:33: in get_largest_prime
    return get_largest_prime(x)
a05.py:33: in get_largest_prime
    return get_largest_prime(x)
a05.py:33: in get_largest_prime
    return get_largest_prime(x)
a05.py:33: in get_largest_prime
    return get_largest_prime(x)
a05.py:33: in get_largest_prime
    return get_largest_prime(x)
a05.py:33: in get_largest_prime
    return get_largest_prime(x)
a05.py:33: in get_largest_prime
    return get_largest_prime(x)
a05.py:33: in get_largest_prime
    return get_largest_prime(x)
a05.py:33: in get_largest_prime
    return get_largest_prime(x)
a05.py:33: in get_largest_prime
    return get_largest_prime(x)
a05.py:33: in get_largest_prime
    return get_largest_prime(x)
a05.py:33: in get_largest_prime
    return get_largest_prime(x)
a05.py:33: in get_largest_prime
    return get_largest_prime(x)
a05.py:33: in get_largest_prime
    return get_largest_prime(x)
a05.py:33: in get_largest_prime
    return get_largest_prime(x)
a05.py:33: in get_largest_prime
    return get_largest_prime(x)
a05.py:33: in get_largest_prime
    return get_largest_prime(x)
a05.py:33: in get_largest_prime
    return get_largest_prime(x)
a05.py:33: in get_largest_prime
    return get_largest_prime(x)
a05.py:33: in get_largest_prime
    return get_largest_prime(x)
a05.py:33: in get_largest_prime
    return get_largest_prime(x)
a05.py:33: in get_largest_prime
    return get_largest_prime(x)
a05.py:33: in get_largest_prime
    return get_largest_prime(x)
a05.py:33: in get_largest_prime
    return get_largest_prime(x)
a05.py:33: in get_largest_prime
    return get_largest_prime(x)
a05.py:33: in get_largest_prime
    return get_largest_prime(x)
a05.py:33: in get_largest_prime
    return get_largest_prime(x)
a05.py:33: in get_largest_prime
    return get_largest_prime(x)
a05.py:33: in get_largest_prime
    return get_largest_prime(x)
a05.py:33: in get_largest_prime
    return get_largest_prime(x)
a05.py:33: in get_largest_prime
    return get_largest_prime(x)
a05.py:33: in get_largest_prime
    return get_largest_prime(x)
a05.py:33: in get_largest_prime
    return get_largest_prime(x)
a05.py:33: in get_largest_prime
    return get_largest_prime(x)
a05.py:33: in get_largest_prime
    return get_largest_prime(x)
a05.py:33: in get_largest_prime
    return get_largest_prime(x)
a05.py:33: in get_largest_prime
    return get_largest_prime(x)
a05.py:33: in get_largest_prime
    return get_largest_prime(x)
a05.py:33: in get_largest_prime
    return get_largest_prime(x)
a05.py:33: in get_largest_prime
    return get_largest_prime(x)
a05.py:33: in get_largest_prime
    return get_largest_prime(x)
a05.py:33: in get_largest_prime
    return get_largest_prime(x)
a05.py:33: in get_largest_prime
    return get_largest_prime(x)
a05.py:33: in get_largest_prime
    return get_largest_prime(x)
a05.py:33: in get_largest_prime
    return get_largest_prime(x)
a05.py:33: in get_largest_prime
    return get_largest_prime(x)
a05.py:33: in get_largest_prime
    return get_largest_prime(x)
a05.py:33: in get_largest_prime
    return get_largest_prime(x)
a05.py:33: in get_largest_prime
    return get_largest_prime(x)
a05.py:33: in get_largest_prime
    return get_largest_prime(x)
a05.py:33: in get_largest_prime
    return get_largest_prime(x)
a05.py:33: in get_largest_prime
    return get_largest_prime(x)
a05.py:33: in get_largest_prime
    return get_largest_prime(x)
a05.py:33: in get_largest_prime
    return get_largest_prime(x)
a05.py:33: in get_largest_prime
    return get_largest_prime(x)
a05.py:33: in get_largest_prime
    return get_largest_prime(x)
a05.py:33: in get_largest_prime
    return get_largest_prime(x)
a05.py:33: in get_largest_prime
    return get_largest_prime(x)
a05.py:33: in get_largest_prime
    return get_largest_prime(x)
a05.py:33: in get_largest_prime
    return get_largest_prime(x)
a05.py:33: in get_largest_prime
    return get_largest_prime(x)
a05.py:33: in get_largest_prime
    return get_largest_prime(x)
a05.py:33: in get_largest_prime
    return get_largest_prime(x)
a05.py:33: in get_largest_prime
    return get_largest_prime(x)
a05.py:33: in get_largest_prime
    return get_largest_prime(x)
a05.py:33: in get_largest_prime
    return get_largest_prime(x)
a05.py:33: in get_largest_prime
    return get_largest_prime(x)
a05.py:33: in get_largest_prime
    return get_largest_prime(x)
a05.py:33: in get_largest_prime
    return get_largest_prime(x)
a05.py:33: in get_largest_prime
    return get_largest_prime(x)
a05.py:33: in get_largest_prime
    return get_largest_prime(x)
a05.py:33: in get_largest_prime
    return get_largest_prime(x)
a05.py:33: in get_largest_prime
    return get_largest_prime(x)
a05.py:33: in get_largest_prime
    return get_largest_prime(x)
a05.py:33: in get_largest_prime
    return get_largest_prime(x)
a05.py:33: in get_largest_prime
    return get_largest_prime(x)
a05.py:33: in get_largest_prime
    return get_largest_prime(x)
a05.py:33: in get_largest_prime
    return get_largest_prime(x)
a05.py:33: in get_largest_prime
    return get_largest_prime(x)
a05.py:33: in get_largest_prime
    return get_largest_prime(x)
a05.py:33: in get_largest_prime
    return get_largest_prime(x)
a05.py:33: in get_largest_prime
    return get_largest_prime(x)
a05.py:33: in get_largest_prime
    return get_largest_prime(x)
a05.py:33: in get_largest_prime
    return get_largest_prime(x)
a05.py:33: in get_largest_prime
    return get_largest_prime(x)
a05.py:33: in get_largest_prime
    return get_largest_prime(x)
a05.py:33: in get_largest_prime
    return get_largest_prime(x)
a05.py:33: in get_largest_prime
    return get_largest_prime(x)
a05.py:33: in get_largest_prime
    return get_largest_prime(x)
a05.py:33: in get_largest_prime
    return get_largest_prime(x)
a05.py:33: in get_largest_prime
    return get_largest_prime(x)
a05.py:33: in get_largest_prime
    return get_largest_prime(x)
a05.py:33: in get_largest_prime
    return get_largest_prime(x)
a05.py:33: in get_largest_prime
    return get_largest_prime(x)
a05.py:33: in get_largest_prime
    return get_largest_prime(x)
a05.py:33: in get_largest_prime
    return get_largest_prime(x)
a05.py:33: in get_largest_prime
    return get_largest_prime(x)
a05.py:33: in get_largest_prime
    return get_largest_prime(x)
a05.py:33: in get_largest_prime
    return get_largest_prime(x)
a05.py:33: in get_largest_prime
    return get_largest_prime(x)
a05.py:33: in get_largest_prime
    return get_largest_prime(x)
a05.py:33: in get_largest_prime
    return get_largest_prime(x)
a05.py:33: in get_largest_prime
    return get_largest_prime(x)
a05.py:33: in get_largest_prime
    return get_largest_prime(x)
a05.py:33: in get_largest_prime
    return get_largest_prime(x)
a05.py:33: in get_largest_prime
    return get_largest_prime(x)
a05.py:33: in get_largest_prime
    return get_largest_prime(x)
a05.py:33: in get_largest_prime
    return get_largest_prime(x)
a05.py:33: in get_largest_prime
    return get_largest_prime(x)
a05.py:33: in get_largest_prime
    return get_largest_prime(x)
a05.py:33: in get_largest_prime
    return get_largest_prime(x)
a05.py:33: in get_largest_prime
    return get_largest_prime(x)
a05.py:33: in get_largest_prime
    return get_largest_prime(x)
a05.py:33: in get_largest_prime
    return get_largest_prime(x)
a05.py:33: in get_largest_prime
    return get_largest_prime(x)
a05.py:33: in get_largest_prime
    return get_largest_prime(x)
a05.py:33: in get_largest_prime
    return get_largest_prime(x)
a05.py:33: in get_largest_prime
    return get_largest_prime(x)
a05.py:33: in get_largest_prime
    return get_largest_prime(x)
a05.py:33: in get_largest_prime
    return get_largest_prime(x)
a05.py:33: in get_largest_prime
    return get_largest_prime(x)
a05.py:33: in get_largest_prime
    return get_largest_prime(x)
a05.py:33: in get_largest_prime
    return get_largest_prime(x)
a05.py:33: in get_largest_prime
    return get_largest_prime(x)
a05.py:33: in get_largest_prime
    return get_largest_prime(x)
a05.py:33: in get_largest_prime
    return get_largest_prime(x)
a05.py:33: in get_largest_prime
    return get_largest_prime(x)
a05.py:33: in get_largest_prime
    return get_largest_prime(x)
a05.py:33: in get_largest_prime
    return get_largest_prime(x)
a05.py:33: in get_largest_prime
    return get_largest_prime(x)
a05.py:33: in get_largest_prime
    return get_largest_prime(x)
a05.py:33: in get_largest_prime
    return get_largest_prime(x)
a05.py:33: in get_largest_prime
    return get_largest_prime(x)
a05.py:33: in get_largest_prime
    return get_largest_prime(x)
a05.py:33: in get_largest_prime
    return get_largest_prime(x)
a05.py:33: in get_largest_prime
    return get_largest_prime(x)
a05.py:33: in get_largest_prime
    return get_largest_prime(x)
a05.py:33: in get_largest_prime
    return get_largest_prime(x)
a05.py:33: in get_largest_prime
    return get_largest_prime(x)
a05.py:33: in get_largest_prime
    return get_largest_prime(x)
a05.py:33: in get_largest_prime
    return get_largest_prime(x)
a05.py:33: in get_largest_prime
    return get_largest_prime(x)
a05.py:33: in get_largest_prime
    return get_largest_prime(x)
a05.py:33: in get_largest_prime
    return get_largest_prime(x)
a05.py:33: in get_largest_prime
    return get_largest_prime(x)
a05.py:33: in get_largest_prime
    return get_largest_prime(x)
a05.py:33: in get_largest_prime
    return get_largest_prime(x)
a05.py:33: in get_largest_prime
    return get_largest_prime(x)
a05.py:33: in get_largest_prime
    return get_largest_prime(x)
a05.py:33: in get_largest_prime
    return get_largest_prime(x)
a05.py:33: in get_largest_prime
    return get_largest_prime(x)
a05.py:33: in get_largest_prime
    return get_largest_prime(x)
a05.py:33: in get_largest_prime
    return get_largest_prime(x)
a05.py:33: in get_largest_prime
    return get_largest_prime(x)
a05.py:33: in get_largest_prime
    return get_largest_prime(x)
a05.py:33: in get_largest_prime
    return get_largest_prime(x)
a05.py:33: in get_largest_prime
    return get_largest_prime(x)
a05.py:33: in get_largest_prime
    return get_largest_prime(x)
a05.py:33: in get_largest_prime
    return get_largest_prime(x)
a05.py:33: in get_largest_prime
    return get_largest_prime(x)
a05.py:33: in get_largest_prime
    return get_largest_prime(x)
a05.py:33: in get_largest_prime
    return get_largest_prime(x)
a05.py:33: in get_largest_prime
    return get_largest_prime(x)
a05.py:33: in get_largest_prime
    return get_largest_prime(x)
a05.py:33: in get_largest_prime
    return get_largest_prime(x)
a05.py:33: in get_largest_prime
    return get_largest_prime(x)
a05.py:33: in get_largest_prime
    return get_largest_prime(x)
a05.py:33: in get_largest_prime
    return get_largest_prime(x)
a05.py:33: in get_largest_prime
    return get_largest_prime(x)
a05.py:33: in get_largest_prime
    return get_largest_prime(x)
a05.py:33: in get_largest_prime
    return get_largest_prime(x)
a05.py:33: in get_largest_prime
    return get_largest_prime(x)
a05.py:33: in get_largest_prime
    return get_largest_prime(x)
a05.py:33: in get_largest_prime
    return get_largest_prime(x)
a05.py:33: in get_largest_prime
    return get_largest_prime(x)
a05.py:33: in get_largest_prime
    return get_largest_prime(x)
a05.py:33: in get_largest_prime
    return get_largest_prime(x)
a05.py:33: in get_largest_prime
    return get_largest_prime(x)
a05.py:33: in get_largest_prime
    return get_largest_prime(x)
a05.py:33: in get_largest_prime
    return get_largest_prime(x)
a05.py:33: in get_largest_prime
    return get_largest_prime(x)
a05.py:33: in get_largest_prime
    return get_largest_prime(x)
a05.py:33: in get_largest_prime
    return get_largest_prime(x)
a05.py:33: in get_largest_prime
    return get_largest_prime(x)
a05.py:33: in get_largest_prime
    return get_largest_prime(x)
a05.py:33: in get_largest_prime
    return get_largest_prime(x)
a05.py:33: in get_largest_prime
    return get_largest_prime(x)
a05.py:33: in get_largest_prime
    return get_largest_prime(x)
a05.py:33: in get_largest_prime
    return get_largest_prime(x)
a05.py:33: in get_largest_prime
    return get_largest_prime(x)
a05.py:33: in get_largest_prime
    return get_largest_prime(x)
a05.py:33: in get_largest_prime
    return get_largest_prime(x)
a05.py:33: in get_largest_prime
    return get_largest_prime(x)
a05.py:33: in get_largest_prime
    return get_largest_prime(x)
a05.py:33: in get_largest_prime
    return get_largest_prime(x)
a05.py:33: in get_largest_prime
    return get_largest_prime(x)
a05.py:33: in get_largest_prime
    return get_largest_prime(x)
a05.py:33: in get_largest_prime
    return get_largest_prime(x)
a05.py:33: in get_largest_prime
    return get_largest_prime(x)
a05.py:33: in get_largest_prime
    return get_largest_prime(x)
a05.py:33: in get_largest_prime
    return get_largest_prime(x)
a05.py:33: in get_largest_prime
    return get_largest_prime(x)
a05.py:33: in get_largest_prime
    return get_largest_prime(x)
a05.py:33: in get_largest_prime
    return get_largest_prime(x)
a05.py:33: in get_largest_prime
    return get_largest_prime(x)
a05.py:33: in get_largest_prime
    return get_largest_prime(x)
a05.py:33: in get_largest_prime
    return get_largest_prime(x)
a05.py:33: in get_largest_prime
    return get_largest_prime(x)
a05.py:33: in get_largest_prime
    return get_largest_prime(x)
a05.py:33: in get_largest_prime
    return get_largest_prime(x)
a05.py:33: in get_largest_prime
    return get_largest_prime(x)
a05.py:33: in get_largest_prime
    return get_largest_prime(x)
a05.py:33: in get_largest_prime
    return get_largest_prime(x)
a05.py:33: in get_largest_prime
    return get_largest_prime(x)
a05.py:33: in get_largest_prime
    return get_largest_prime(x)
a05.py:33: in get_largest_prime
    return get_largest_prime(x)
a05.py:33: in get_largest_prime
    return get_largest_prime(x)
a05.py:33: in get_largest_prime
    return get_largest_prime(x)
a05.py:33: in get_largest_prime
    return get_largest_prime(x)
a05.py:33: in get_largest_prime
    return get_largest_prime(x)
a05.py:33: in get_largest_prime
    return get_largest_prime(x)
a05.py:33: in get_largest_prime
    return get_largest_prime(x)
a05.py:33: in get_largest_prime
    return get_largest_prime(x)
a05.py:33: in get_largest_prime
    return get_largest_prime(x)
a05.py:33: in get_largest_prime
    return get_largest_prime(x)
a05.py:33: in get_largest_prime
    return get_largest_prime(x)
a05.py:33: in get_largest_prime
    return get_largest_prime(x)
a05.py:33: in get_largest_prime
    return get_largest_prime(x)
a05.py:33: in get_largest_prime
    return get_largest_prime(x)
a05.py:33: in get_largest_prime
    return get_largest_prime(x)
a05.py:33: in get_largest_prime
    return get_largest_prime(x)
a05.py:33: in get_largest_prime
    return get_largest_prime(x)
a05.py:33: in get_largest_prime
    return get_largest_prime(x)
a05.py:33: in get_largest_prime
    return get_largest_prime(x)
a05.py:33: in get_largest_prime
    return get_largest_prime(x)
a05.py:33: in get_largest_prime
    return get_largest_prime(x)
a05.py:33: in get_largest_prime
    return get_largest_prime(x)
a05.py:33: in get_largest_prime
    return get_largest_prime(x)
a05.py:33: in get_largest_prime
    return get_largest_prime(x)
a05.py:33: in get_largest_prime
    return get_largest_prime(x)
a05.py:33: in get_largest_prime
    return get_largest_prime(x)
a05.py:33: in get_largest_prime
    return get_largest_prime(x)
a05.py:33: in get_largest_prime
    return get_largest_prime(x)
a05.py:33: in get_largest_prime
    return get_largest_prime(x)
a05.py:33: in get_largest_prime
    return get_largest_prime(x)
a05.py:33: in get_largest_prime
    return get_largest_prime(x)
a05.py:33: in get_largest_prime
    return get_largest_prime(x)
a05.py:33: in get_largest_prime
    return get_largest_prime(x)
a05.py:33: in get_largest_prime
    return get_largest_prime(x)
a05.py:33: in get_largest_prime
    return get_largest_prime(x)
a05.py:33: in get_largest_prime
    return get_largest_prime(x)
a05.py:33: in get_largest_prime
    return get_largest_prime(x)
a05.py:33: in get_largest_prime
    return get_largest_prime(x)
a05.py:33: in get_largest_prime
    return get_largest_prime(x)
a05.py:33: in get_largest_prime
    return get_largest_prime(x)
a05.py:33: in get_largest_prime
    return get_largest_prime(x)
a05.py:33: in get_largest_prime
    return get_largest_prime(x)
a05.py:33: in get_largest_prime
    return get_largest_prime(x)
a05.py:33: in get_largest_prime
    return get_largest_prime(x)
a05.py:33: in get_largest_prime
    return get_largest_prime(x)
a05.py:33: in get_largest_prime
    return get_largest_prime(x)
a05.py:33: in get_largest_prime
    return get_largest_prime(x)
a05.py:33: in get_largest_prime
    return get_largest_prime(x)
a05.py:33: in get_largest_prime
    return get_largest_prime(x)
a05.py:33: in get_largest_prime
    return get_largest_prime(x)
a05.py:33: in get_largest_prime
    return get_largest_prime(x)
a05.py:33: in get_largest_prime
    return get_largest_prime(x)
a05.py:33: in get_largest_prime
    return get_largest_prime(x)
a05.py:33: in get_largest_prime
    return get_largest_prime(x)
a05.py:33: in get_largest_prime
    return get_largest_prime(x)
a05.py:33: in get_largest_prime
    return get_largest_prime(x)
a05.py:33: in get_largest_prime
    return get_largest_prime(x)
a05.py:33: in get_largest_prime
    return get_largest_prime(x)
a05.py:33: in get_largest_prime
    return get_largest_prime(x)
a05.py:33: in get_largest_prime
    return get_largest_prime(x)
a05.py:33: in get_largest_prime
    return get_largest_prime(x)
a05.py:33: in get_largest_prime
    return get_largest_prime(x)
a05.py:33: in get_largest_prime
    return get_largest_prime(x)
a05.py:33: in get_largest_prime
    return get_largest_prime(x)
a05.py:33: in get_largest_prime
    return get_largest_prime(x)
a05.py:33: in get_largest_prime
    return get_largest_prime(x)
a05.py:33: in get_largest_prime
    return get_largest_prime(x)
a05.py:33: in get_largest_prime
    return get_largest_prime(x)
a05.py:33: in get_largest_prime
    return get_largest_prime(x)
a05.py:33: in get_largest_prime
    return get_largest_prime(x)
a05.py:33: in get_largest_prime
    return get_largest_prime(x)
a05.py:33: in get_largest_prime
    return get_largest_prime(x)
a05.py:33: in get_largest_prime
    return get_largest_prime(x)
a05.py:33: in get_largest_prime
    return get_largest_prime(x)
a05.py:33: in get_largest_prime
    return get_largest_prime(x)
a05.py:33: in get_largest_prime
    return get_largest_prime(x)
a05.py:33: in get_largest_prime
    return get_largest_prime(x)
a05.py:33: in get_largest_prime
    return get_largest_prime(x)
a05.py:33: in get_largest_prime
    return get_largest_prime(x)
a05.py:33: in get_largest_prime
    return get_largest_prime(x)
a05.py:33: in get_largest_prime
    return get_largest_prime(x)
a05.py:33: in get_largest_prime
    return get_largest_prime(x)
a05.py:33: in get_largest_prime
    return get_largest_prime(x)
a05.py:33: in get_largest_prime
    return get_largest_prime(x)
a05.py:33: in get_largest_prime
    return get_largest_prime(x)
a05.py:33: in get_largest_prime
    return get_largest_prime(x)
a05.py:33: in get_largest_prime
    return get_largest_prime(x)
a05.py:33: in get_largest_prime
    return get_largest_prime(x)
a05.py:33: in get_largest_prime
    return get_largest_prime(x)
a05.py:33: in get_largest_prime
    return get_largest_prime(x)
a05.py:33: in get_largest_prime
    return get_largest_prime(x)
a05.py:33: in get_largest_prime
    return get_largest_prime(x)
a05.py:33: in get_largest_prime
    return get_largest_prime(x)
a05.py:33: in get_largest_prime
    return get_largest_prime(x)
a05.py:33: in get_largest_prime
    return get_largest_prime(x)
a05.py:33: in get_largest_prime
    return get_largest_prime(x)
a05.py:33: in get_largest_prime
    return get_largest_prime(x)
a05.py:33: in get_largest_prime
    return get_largest_prime(x)
a05.py:33: in get_largest_prime
    return get_largest_prime(x)
a05.py:33: in get_largest_prime
    return get_largest_prime(x)
a05.py:33: in get_largest_prime
    return get_largest_prime(x)
a05.py:33: in get_largest_prime
    return get_largest_prime(x)
a05.py:33: in get_largest_prime
    return get_largest_prime(x)
a05.py:33: in get_largest_prime
    return get_largest_prime(x)
a05.py:33: in get_largest_prime
    return get_largest_prime(x)
a05.py:33: in get_largest_prime
    return get_largest_prime(x)
a05.py:33: in get_largest_prime
    return get_largest_prime(x)
a05.py:33: in get_largest_prime
    return get_largest_prime(x)
a05.py:33: in get_largest_prime
    return get_largest_prime(x)
a05.py:33: in get_largest_prime
    return get_largest_prime(x)
a05.py:33: in get_largest_prime
    return get_largest_prime(x)
a05.py:33: in get_largest_prime
    return get_largest_prime(x)
a05.py:33: in get_largest_prime
    return get_largest_prime(x)
a05.py:33: in get_largest_prime
    return get_largest_prime(x)
a05.py:33: in get_largest_prime
    return get_largest_prime(x)
a05.py:33: in get_largest_prime
    return get_largest_prime(x)
a05.py:33: in get_largest_prime
    return get_largest_prime(x)
a05.py:33: in get_largest_prime
    return get_largest_prime(x)
a05.py:33: in get_largest_prime
    return get_largest_prime(x)
a05.py:33: in get_largest_prime
    return get_largest_prime(x)
a05.py:33: in get_largest_prime
    return get_largest_prime(x)
a05.py:33: in get_largest_prime
    return get_largest_prime(x)
a05.py:33: in get_largest_prime
    return get_largest_prime(x)
a05.py:33: in get_largest_prime
    return get_largest_prime(x)
a05.py:33: in get_largest_prime
    return get_largest_prime(x)
a05.py:33: in get_largest_prime
    return get_largest_prime(x)
a05.py:33: in get_largest_prime
    return get_largest_prime(x)
a05.py:33: in get_largest_prime
    return get_largest_prime(x)
a05.py:33: in get_largest_prime
    return get_largest_prime(x)
a05.py:33: in get_largest_prime
    return get_largest_prime(x)
a05.py:33: in get_largest_prime
    return get_largest_prime(x)
a05.py:33: in get_largest_prime
    return get_largest_prime(x)
a05.py:33: in get_largest_prime
    return get_largest_prime(x)
a05.py:33: in get_largest_prime
    return get_largest_prime(x)
a05.py:33: in get_largest_prime
    return get_largest_prime(x)
a05.py:33: in get_largest_prime
    return get_largest_prime(x)
a05.py:33: in get_largest_prime
    return get_largest_prime(x)
a05.py:33: in get_largest_prime
    return get_largest_prime(x)
a05.py:33: in get_largest_prime
    return get_largest_prime(x)
a05.py:33: in get_largest_prime
    return get_largest_prime(x)
a05.py:33: in get_largest_prime
    return get_largest_prime(x)
a05.py:33: in get_largest_prime
    return get_largest_prime(x)
a05.py:33: in get_largest_prime
    return get_largest_prime(x)
a05.py:33: in get_largest_prime
    return get_largest_prime(x)
a05.py:33: in get_largest_prime
    return get_largest_prime(x)
a05.py:33: in get_largest_prime
    return get_largest_prime(x)
a05.py:33: in get_largest_prime
    return get_largest_prime(x)
a05.py:33: in get_largest_prime
    return get_largest_prime(x)
a05.py:33: in get_largest_prime
    return get_largest_prime(x)
a05.py:33: in get_largest_prime
    return get_largest_prime(x)
a05.py:33: in get_largest_prime
    return get_largest_prime(x)
a05.py:33: in get_largest_prime
    return get_largest_prime(x)
a05.py:33: in get_largest_prime
    return get_largest_prime(x)
a05.py:33: in get_largest_prime
    return get_largest_prime(x)
a05.py:33: in get_largest_prime
    return get_largest_prime(x)
a05.py:33: in get_largest_prime
    return get_largest_prime(x)
a05.py:33: in get_largest_prime
    return get_largest_prime(x)
a05.py:33: in get_largest_prime
    return get_largest_prime(x)
a05.py:33: in get_largest_prime
    return get_largest_prime(x)
a05.py:33: in get_largest_prime
    return get_largest_prime(x)
a05.py:33: in get_largest_prime
    return get_largest_prime(x)
a05.py:33: in get_largest_prime
    return get_largest_prime(x)
a05.py:33: in get_largest_prime
    return get_largest_prime(x)
a05.py:33: in get_largest_prime
    return get_largest_prime(x)
a05.py:33: in get_largest_prime
    return get_largest_prime(x)
a05.py:33: in get_largest_prime
    return get_largest_prime(x)
a05.py:33: in get_largest_prime
    return get_largest_prime(x)
a05.py:33: in get_largest_prime
    return get_largest_prime(x)
a05.py:33: in get_largest_prime
    return get_largest_prime(x)
a05.py:33: in get_largest_prime
    return get_largest_prime(x)
a05.py:33: in get_largest_prime
    return get_largest_prime(x)
a05.py:33: in get_largest_prime
    return get_largest_prime(x)
a05.py:33: in get_largest_prime
    return get_largest_prime(x)
a05.py:33: in get_largest_prime
    return get_largest_prime(x)
a05.py:33: in get_largest_prime
    return get_largest_prime(x)
a05.py:33: in get_largest_prime
    return get_largest_prime(x)
a05.py:33: in get_largest_prime
    return get_largest_prime(x)
a05.py:33: in get_largest_prime
    return get_largest_prime(x)
a05.py:33: in get_largest_prime
    return get_largest_prime(x)
a05.py:33: in get_largest_prime
    return get_largest_prime(x)
a05.py:33: in get_largest_prime
    return get_largest_prime(x)
a05.py:33: in get_largest_prime
    return get_largest_prime(x)
a05.py:33: in get_largest_prime
    return get_largest_prime(x)
a05.py:33: in get_largest_prime
    return get_largest_prime(x)
a05.py:33: in get_largest_prime
    return get_largest_prime(x)
a05.py:33: in get_largest_prime
    return get_largest_prime(x)
a05.py:33: in get_largest_prime
    return get_largest_prime(x)
a05.py:33: in get_largest_prime
    return get_largest_prime(x)
a05.py:33: in get_largest_prime
    return get_largest_prime(x)
a05.py:33: in get_largest_prime
    return get_largest_prime(x)
a05.py:33: in get_largest_prime
    return get_largest_prime(x)
a05.py:33: in get_largest_prime
    return get_largest_prime(x)
a05.py:33: in get_largest_prime
    return get_largest_prime(x)
a05.py:33: in get_largest_prime
    return get_largest_prime(x)
a05.py:33: in get_largest_prime
    return get_largest_prime(x)
a05.py:33: in get_largest_prime
    return get_largest_prime(x)
a05.py:33: in get_largest_prime
    return get_largest_prime(x)
a05.py:33: in get_largest_prime
    return get_largest_prime(x)
a05.py:33: in get_largest_prime
    return get_largest_prime(x)
a05.py:33: in get_largest_prime
    return get_largest_prime(x)
a05.py:33: in get_largest_prime
    return get_largest_prime(x)
a05.py:33: in get_largest_prime
    return get_largest_prime(x)
a05.py:33: in get_largest_prime
    return get_largest_prime(x)
a05.py:33: in get_largest_prime
    return get_largest_prime(x)
a05.py:33: in get_largest_prime
    return get_largest_prime(x)
a05.py:33: in get_largest_prime
    return get_largest_prime(x)
a05.py:33: in get_largest_prime
    return get_largest_prime(x)
a05.py:33: in get_largest_prime
    return get_largest_prime(x)
a05.py:33: in get_largest_prime
    return get_largest_prime(x)
a05.py:33: in get_largest_prime
    return get_largest_prime(x)
a05.py:33: in get_largest_prime
    return get_largest_prime(x)
a05.py:33: in get_largest_prime
    return get_largest_prime(x)
a05.py:33: in get_largest_prime
    return get_largest_prime(x)
a05.py:33: in get_largest_prime
    return get_largest_prime(x)
a05.py:33: in get_largest_prime
    return get_largest_prime(x)
a05.py:33: in get_largest_prime
    return get_largest_prime(x)
a05.py:33: in get_largest_prime
    return get_largest_prime(x)
a05.py:33: in get_largest_prime
    return get_largest_prime(x)
a05.py:33: in get_largest_prime
    return get_largest_prime(x)
a05.py:33: in get_largest_prime
    return get_largest_prime(x)
a05.py:33: in get_largest_prime
    return get_largest_prime(x)
a05.py:33: in get_largest_prime
    return get_largest_prime(x)
a05.py:33: in get_largest_prime
    return get_largest_prime(x)
a05.py:33: in get_largest_prime
    return get_largest_prime(x)
a05.py:33: in get_largest_prime
    return get_largest_prime(x)
a05.py:33: in get_largest_prime
    return get_largest_prime(x)
a05.py:33: in get_largest_prime
    return get_largest_prime(x)
a05.py:33: in get_largest_prime
    return get_largest_prime(x)
a05.py:33: in get_largest_prime
    return get_largest_prime(x)
a05.py:33: in get_largest_prime
    return get_largest_prime(x)
a05.py:33: in get_largest_prime
    return get_largest_prime(x)
a05.py:33: in get_largest_prime
    return get_largest_prime(x)
a05.py:33: in get_largest_prime
    return get_largest_prime(x)
a05.py:33: in get_largest_prime
    return get_largest_prime(x)
a05.py:33: in get_largest_prime
    return get_largest_prime(x)
a05.py:33: in get_largest_prime
    return get_largest_prime(x)
a05.py:33: in get_largest_prime
    return get_largest_prime(x)
a05.py:33: in get_largest_prime
    return get_largest_prime(x)
a05.py:33: in get_largest_prime
    return get_largest_prime(x)
a05.py:33: in get_largest_prime
    return get_largest_prime(x)
a05.py:33: in get_largest_prime
    return get_largest_prime(x)
a05.py:33: in get_largest_prime
    return get_largest_prime(x)
a05.py:33: in get_largest_prime
    return get_largest_prime(x)
a05.py:33: in get_largest_prime
    return get_largest_prime(x)
a05.py:33: in get_largest_prime
    return get_largest_prime(x)
a05.py:33: in get_largest_prime
    return get_largest_prime(x)
a05.py:33: in get_largest_prime
    return get_largest_prime(x)
a05.py:33: in get_largest_prime
    return get_largest_prime(x)
a05.py:33: in get_largest_prime
    return get_largest_prime(x)
a05.py:33: in get_largest_prime
    return get_largest_prime(x)
a05.py:33: in get_largest_prime
    return get_largest_prime(x)
a05.py:33: in get_largest_prime
    return get_largest_prime(x)
a05.py:33: in get_largest_prime
    return get_largest_prime(x)
a05.py:33: in get_largest_prime
    return get_largest_prime(x)
a05.py:33: in get_largest_prime
    return get_largest_prime(x)
a05.py:33: in get_largest_prime
    return get_largest_prime(x)
a05.py:33: in get_largest_prime
    return get_largest_prime(x)
a05.py:33: in get_largest_prime
    return get_largest_prime(x)
a05.py:33: in get_largest_prime
    return get_largest_prime(x)
a05.py:33: in get_largest_prime
    return get_largest_prime(x)
a05.py:33: in get_largest_prime
    return get_largest_prime(x)
a05.py:33: in get_largest_prime
    return get_largest_prime(x)
a05.py:33: in get_largest_prime
    return get_largest_prime(x)
a05.py:33: in get_largest_prime
    return get_largest_prime(x)
a05.py:33: in get_largest_prime
    return get_largest_prime(x)
a05.py:33: in get_largest_prime
    return get_largest_prime(x)
a05.py:33: in get_largest_prime
    return get_largest_prime(x)
a05.py:33: in get_largest_prime
    return get_largest_prime(x)
a05.py:33: in get_largest_prime
    return get_largest_prime(x)
a05.py:33: in get_largest_prime
    return get_largest_prime(x)
a05.py:33: in get_largest_prime
    return get_largest_prime(x)
a05.py:33: in get_largest_prime
    return get_largest_prime(x)
a05.py:33: in get_largest_prime
    return get_largest_prime(x)
a05.py:33: in get_largest_prime
    return get_largest_prime(x)
a05.py:33: in get_largest_prime
    return get_largest_prime(x)
a05.py:33: in get_largest_prime
    return get_largest_prime(x)
a05.py:33: in get_largest_prime
    return get_largest_prime(x)
a05.py:33: in get_largest_prime
    return get_largest_prime(x)
a05.py:33: in get_largest_prime
    return get_largest_prime(x)
a05.py:33: in get_largest_prime
    return get_largest_prime(x)
a05.py:33: in get_largest_prime
    return get_largest_prime(x)
a05.py:33: in get_largest_prime
    return get_largest_prime(x)
a05.py:33: in get_largest_prime
    return get_largest_prime(x)
a05.py:33: in get_largest_prime
    return get_largest_prime(x)
a05.py:33: in get_largest_prime
    return get_largest_prime(x)
a05.py:33: in get_largest_prime
    return get_largest_prime(x)
a05.py:33: in get_largest_prime
    return get_largest_prime(x)
a05.py:33: in get_largest_prime
    return get_largest_prime(x)
a05.py:33: in get_largest_prime
    return get_largest_prime(x)
a05.py:33: in get_largest_prime
    return get_largest_prime(x)
a05.py:33: in get_largest_prime
    return get_largest_prime(x)
a05.py:33: in get_largest_prime
    return get_largest_prime(x)
a05.py:33: in get_largest_prime
    return get_largest_prime(x)
a05.py:33: in get_largest_prime
    return get_largest_prime(x)
a05.py:33: in get_largest_prime
    return get_largest_prime(x)
a05.py:33: in get_largest_prime
    return get_largest_prime(x)
a05.py:33: in get_largest_prime
    return get_largest_prime(x)
a05.py:33: in get_largest_prime
    return get_largest_prime(x)
a05.py:33: in get_largest_prime
    return get_largest_prime(x)
a05.py:33: in get_largest_prime
    return get_largest_prime(x)
a05.py:33: in get_largest_prime
    return get_largest_prime(x)
a05.py:33: in get_largest_prime
    return get_largest_prime(x)
a05.py:33: in get_largest_prime
    return get_largest_prime(x)
a05.py:33: in get_largest_prime
    return get_largest_prime(x)
a05.py:33: in get_largest_prime
    return get_largest_prime(x)
a05.py:33: in get_largest_prime
    return get_largest_prime(x)
a05.py:33: in get_largest_prime
    return get_largest_prime(x)
a05.py:33: in get_largest_prime
    return get_largest_prime(x)
a05.py:33: in get_largest_prime
    return get_largest_prime(x)
a05.py:33: in get_largest_prime
    return get_largest_prime(x)
a05.py:33: in get_largest_prime
    return get_largest_prime(x)
a05.py:33: in get_largest_prime
    return get_largest_prime(x)
a05.py:33: in get_largest_prime
    return get_largest_prime(x)
a05.py:33: in get_largest_prime
    return get_largest_prime(x)
a05.py:33: in get_largest_prime
    return get_largest_prime(x)
a05.py:33: in get_largest_prime
    return get_largest_prime(x)
a05.py:33: in get_largest_prime
    return get_largest_prime(x)
a05.py:33: in get_largest_prime
    return get_largest_prime(x)
a05.py:33: in get_largest_prime
    return get_largest_prime(x)
a05.py:33: in get_largest_prime
    return get_largest_prime(x)
a05.py:33: in get_largest_prime
    return get_largest_prime(x)
a05.py:33: in get_largest_prime
    return get_largest_prime(x)
a05.py:33: in get_largest_prime
    return get_largest_prime(x)
a05.py:33: in get_largest_prime
    return get_largest_prime(x)
a05.py:33: in get_largest_prime
    return get_largest_prime(x)
a05.py:33: in get_largest_prime
    return get_largest_prime(x)
a05.py:33: in get_largest_prime
    return get_largest_prime(x)
a05.py:33: in get_largest_prime
    return get_largest_prime(x)
a05.py:33: in get_largest_prime
    return get_largest_prime(x)
a05.py:33: in get_largest_prime
    return get_largest_prime(x)
a05.py:33: in get_largest_prime
    return get_largest_prime(x)
a05.py:33: in get_largest_prime
    return get_largest_prime(x)
a05.py:33: in get_largest_prime
    return get_largest_prime(x)
a05.py:33: in get_largest_prime
    return get_largest_prime(x)
a05.py:33: in get_largest_prime
    return get_largest_prime(x)
a05.py:33: in get_largest_prime
    return get_largest_prime(x)
a05.py:33: in get_largest_prime
    return get_largest_prime(x)
a05.py:33: in get_largest_prime
    return get_largest_prime(x)
a05.py:33: in get_largest_prime
    return get_largest_prime(x)
a05.py:33: in get_largest_prime
    return get_largest_prime(x)
a05.py:33: in get_largest_prime
    return get_largest_prime(x)
a05.py:33: in get_largest_prime
    return get_largest_prime(x)
a05.py:33: in get_largest_prime
    return get_largest_prime(x)
a05.py:33: in get_largest_prime
    return get_largest_prime(x)
a05.py:33: in get_largest_prime
    return get_largest_prime(x)
a05.py:33: in get_largest_prime
    return get_largest_prime(x)
a05.py:33: in get_largest_prime
    return get_largest_prime(x)
a05.py:33: in get_largest_prime
    return get_largest_prime(x)
a05.py:33: in get_largest_prime
    return get_largest_prime(x)
a05.py:33: in get_largest_prime
    return get_largest_prime(x)
a05.py:33: in get_largest_prime
    return get_largest_prime(x)
a05.py:33: in get_largest_prime
    return get_largest_prime(x)
a05.py:33: in get_largest_prime
    return get_largest_prime(x)
a05.py:33: in get_largest_prime
    return get_largest_prime(x)
a05.py:33: in get_largest_prime
    return get_largest_prime(x)
a05.py:33: in get_largest_prime
    return get_largest_prime(x)
a05.py:33: in get_largest_prime
    return get_largest_prime(x)
a05.py:33: in get_largest_prime
    return get_largest_prime(x)
a05.py:33: in get_largest_prime
    return get_largest_prime(x)
a05.py:33: in get_largest_prime
    return get_largest_prime(x)
a05.py:33: in get_largest_prime
    return get_largest_prime(x)
a05.py:33: in get_largest_prime
    return get_largest_prime(x)
a05.py:33: in get_largest_prime
    return get_largest_prime(x)
a05.py:33: in get_largest_prime
    return get_largest_prime(x)
a05.py:33: in get_largest_prime
    return get_largest_prime(x)
a05.py:33: in get_largest_prime
    return get_largest_prime(x)
a05.py:33: in get_largest_prime
    return get_largest_prime(x)
a05.py:33: in get_largest_prime
    return get_largest_prime(x)
a05.py:33: in get_largest_prime
    return get_largest_prime(x)
a05.py:33: in get_largest_prime
    return get_largest_prime(x)
a05.py:33: in get_largest_prime
    return get_largest_prime(x)
a05.py:33: in get_largest_prime
    return get_largest_prime(x)
a05.py:33: in get_largest_prime
    return get_largest_prime(x)
a05.py:33: in get_largest_prime
    return get_largest_prime(x)
a05.py:33: in get_largest_prime
    return get_largest_prime(x)
a05.py:33: in get_largest_prime
    return get_largest_prime(x)
a05.py:33: in get_largest_prime
    return get_largest_prime(x)
a05.py:33: in get_largest_prime
    return get_largest_prime(x)
a05.py:33: in get_largest_prime
    return get_largest_prime(x)
a05.py:33: in get_largest_prime
    return get_largest_prime(x)
a05.py:33: in get_largest_prime
    return get_largest_prime(x)
a05.py:33: in get_largest_prime
    return get_largest_prime(x)
a05.py:33: in get_largest_prime
    return get_largest_prime(x)
a05.py:33: in get_largest_prime
    return get_largest_prime(x)
a05.py:33: in get_largest_prime
    return get_largest_prime(x)
a05.py:33: in get_largest_prime
    return get_largest_prime(x)
a05.py:33: in get_largest_prime
    return get_largest_prime(x)
a05.py:33: in get_largest_prime
    return get_largest_prime(x)
a05.py:33: in get_largest_prime
    return get_largest_prime(x)
a05.py:33: in get_largest_prime
    return get_largest_prime(x)
a05.py:33: in get_largest_prime
    return get_largest_prime(x)
a05.py:33: in get_largest_prime
    return get_largest_prime(x)
a05.py:33: in get_largest_prime
    return get_largest_prime(x)
a05.py:33: in get_largest_prime
    return get_largest_prime(x)
a05.py:33: in get_largest_prime
    return get_largest_prime(x)
a05.py:33: in get_largest_prime
    return get_largest_prime(x)
a05.py:33: in get_largest_prime
    return get_largest_prime(x)
a05.py:33: in get_largest_prime
    return get_largest_prime(x)
a05.py:33: in get_largest_prime
    return get_largest_prime(x)
a05.py:33: in get_largest_prime
    return get_largest_prime(x)
a05.py:33: in get_largest_prime
    return get_largest_prime(x)
a05.py:33: in get_largest_prime
    return get_largest_prime(x)
a05.py:33: in get_largest_prime
    return get_largest_prime(x)
a05.py:33: in get_largest_prime
    return get_largest_prime(x)
a05.py:33: in get_largest_prime
    return get_largest_prime(x)
a05.py:33: in get_largest_prime
    return get_largest_prime(x)
a05.py:33: in get_largest_prime
    return get_largest_prime(x)
a05.py:33: in get_largest_prime
    return get_largest_prime(x)
a05.py:33: in get_largest_prime
    return get_largest_prime(x)
a05.py:33: in get_largest_prime
    return get_largest_prime(x)
a05.py:33: in get_largest_prime
    return get_largest_prime(x)
a05.py:33: in get_largest_prime
    return get_largest_prime(x)
a05.py:33: in get_largest_prime
    return get_largest_prime(x)
a05.py:33: in get_largest_prime
    return get_largest_prime(x)
a05.py:33: in get_largest_prime
    return get_largest_prime(x)
a05.py:33: in get_largest_prime
    return get_largest_prime(x)
a05.py:33: in get_largest_prime
    return get_largest_prime(x)
a05.py:33: in get_largest_prime
    return get_largest_prime(x)
a05.py:33: in get_largest_prime
    return get_largest_prime(x)
a05.py:33: in get_largest_prime
    return get_largest_prime(x)
a05.py:33: in get_largest_prime
    return get_largest_prime(x)
a05.py:33: in get_largest_prime
    return get_largest_prime(x)
a05.py:33: in get_largest_prime
    return get_largest_prime(x)
a05.py:33: in get_largest_prime
    return get_largest_prime(x)
a05.py:33: in get_largest_prime
    return get_largest_prime(x)
a05.py:33: in get_largest_prime
    return get_largest_prime(x)
a05.py:33: in get_largest_prime
    return get_largest_prime(x)
a05.py:33: in get_largest_prime
    return get_largest_prime(x)
a05.py:33: in get_largest_prime
    return get_largest_prime(x)
a05.py:33: in get_largest_prime
    return get_largest_prime(x)
a05.py:33: in get_largest_prime
    return get_largest_prime(x)
a05.py:33: in get_largest_prime
    return get_largest_prime(x)
a05.py:33: in get_largest_prime
    return get_largest_prime(x)
a05.py:33: in get_largest_prime
    return get_largest_prime(x)
a05.py:33: in get_largest_prime
    return get_largest_prime(x)
a05.py:33: in get_largest_prime
    return get_largest_prime(x)
a05.py:33: in get_largest_prime
    return get_largest_prime(x)
a05.py:33: in get_largest_prime
    return get_largest_prime(x)
a05.py:33: in get_largest_prime
    return get_largest_prime(x)
a05.py:33: in get_largest_prime
    return get_largest_prime(x)
a05.py:33: in get_largest_prime
    return get_largest_prime(x)
a05.py:33: in get_largest_prime
    return get_largest_prime(x)
a05.py:33: in get_largest_prime
    return get_largest_prime(x)
a05.py:33: in get_largest_prime
    return get_largest_prime(x)
a05.py:33: in get_largest_prime
    return get_largest_prime(x)
a05.py:33: in get_largest_prime
    return get_largest_prime(x)
a05.py:33: in get_largest_prime
    return get_largest_prime(x)
a05.py:33: in get_largest_prime
    return get_largest_prime(x)
a05.py:33: in get_largest_prime
    return get_largest_prime(x)
a05.py:33: in get_largest_prime
    return get_largest_prime(x)
a05.py:33: in get_largest_prime
    return get_largest_prime(x)
a05.py:33: in get_largest_prime
    return get_largest_prime(x)
a05.py:33: in get_largest_prime
    return get_largest_prime(x)
a05.py:33: in get_largest_prime
    return get_largest_prime(x)
a05.py:33: in get_largest_prime
    return get_largest_prime(x)
a05.py:33: in get_largest_prime
    return get_largest_prime(x)
a05.py:33: in get_largest_prime
    return get_largest_prime(x)
a05.py:33: in get_largest_prime
    return get_largest_prime(x)
a05.py:33: in get_largest_prime
    return get_largest_prime(x)
a05.py:33: in get_largest_prime
    return get_largest_prime(x)
a05.py:33: in get_largest_prime
    return get_largest_prime(x)
a05.py:33: in get_largest_prime
    return get_largest_prime(x)
a05.py:33: in get_largest_prime
    return get_largest_prime(x)
a05.py:33: in get_largest_prime
    return get_largest_prime(x)
a05.py:33: in get_largest_prime
    return get_largest_prime(x)
a05.py:33: in get_largest_prime
    return get_largest_prime(x)
a05.py:33: in get_largest_prime
    return get_largest_prime(x)
a05.py:33: in get_largest_prime
    return get_largest_prime(x)
a05.py:33: in get_largest_prime
    return get_largest_prime(x)
a05.py:33: in get_largest_prime
    return get_largest_prime(x)
a05.py:33: in get_largest_prime
    return get_largest_prime(x)
a05.py:33: in get_largest_prime
    return get_largest_prime(x)
a05.py:33: in get_largest_prime
    return get_largest_prime(x)
a05.py:33: in get_largest_prime
    return get_largest_prime(x)
a05.py:33: in get_largest_prime
    return get_largest_prime(x)
a05.py:33: in get_largest_prime
    return get_largest_prime(x)
a05.py:33: in get_largest_prime
    return get_largest_prime(x)
a05.py:33: in get_largest_prime
    return get_largest_prime(x)
a05.py:33: in get_largest_prime
    return get_largest_prime(x)
a05.py:33: in get_largest_prime
    return get_largest_prime(x)
a05.py:33: in get_largest_prime
    return get_largest_prime(x)
a05.py:33: in get_largest_prime
    return get_largest_prime(x)
a05.py:33: in get_largest_prime
    return get_largest_prime(x)
a05.py:33: in get_largest_prime
    return get_largest_prime(x)
a05.py:33: in get_largest_prime
    return get_largest_prime(x)
a05.py:33: in get_largest_prime
    return get_largest_prime(x)
a05.py:33: in get_largest_prime
    return get_largest_prime(x)
a05.py:33: in get_largest_prime
    return get_largest_prime(x)
a05.py:33: in get_largest_prime
    return get_largest_prime(x)
a05.py:33: in get_largest_prime
    return get_largest_prime(x)
a05.py:33: in get_largest_prime
    return get_largest_prime(x)
a05.py:33: in get_largest_prime
    return get_largest_prime(x)
a05.py:33: in get_largest_prime
    return get_largest_prime(x)
a05.py:33: in get_largest_prime
    return get_largest_prime(x)
a05.py:33: in get_largest_prime
    return get_largest_prime(x)
a05.py:33: in get_largest_prime
    return get_largest_prime(x)
a05.py:33: in get_largest_prime
    return get_largest_prime(x)
a05.py:33: in get_largest_prime
    return get_largest_prime(x)
a05.py:33: in get_largest_prime
    return get_largest_prime(x)
a05.py:33: in get_largest_prime
    return get_largest_prime(x)
a05.py:33: in get_largest_prime
    return get_largest_prime(x)
a05.py:33: in get_largest_prime
    return get_largest_prime(x)
a05.py:33: in get_largest_prime
    return get_largest_prime(x)
a05.py:33: in get_largest_prime
    return get_largest_prime(x)
a05.py:33: in get_largest_prime
    return get_largest_prime(x)
a05.py:33: in get_largest_prime
    return get_largest_prime(x)
a05.py:33: in get_largest_prime
    return get_largest_prime(x)
a05.py:33: in get_largest_prime
    return get_largest_prime(x)
a05.py:33: in get_largest_prime
    return get_largest_prime(x)
a05.py:33: in get_largest_prime
    return get_largest_prime(x)
a05.py:33: in get_largest_prime
    return get_largest_prime(x)
a05.py:33: in get_largest_prime
    return get_largest_prime(x)
a05.py:33: in get_largest_prime
    return get_largest_prime(x)
a05.py:33: in get_largest_prime
    return get_largest_prime(x)
a05.py:33: in get_largest_prime
    return get_largest_prime(x)
a05.py:33: in get_largest_prime
    return get_largest_prime(x)
a05.py:33: in get_largest_prime
    return get_largest_prime(x)
a05.py:33: in get_largest_prime
    return get_largest_prime(x)
a05.py:29: in get_largest_prime
    if is_prime(x):
_ _ _ _ _ _ _ _ _ _ _ _ _ _ _ _ _ _ _ _ _ _ _ _ _ _ _ _ _ _ _ _ _ _ _ _ _ _ _ _

x = -823.1

    def is_prime(x):
>       if (x)%2 == 1:
E       RuntimeError: maximum recursion depth exceeded in cmp

a05.py:7: RuntimeError
______________________________ test_get_prime_4 _______________________________

    def test_get_prime_4():
>       assert get_largest_prime(0) == None
E       assert -1 == None
E        +  where -1 = get_largest_prime(0)

test_student.py:33: AssertionError
===================== 3 failed, 7 passed in 4.64 seconds ======================
============================= test session starts =============================
platform linux2 -- Python 2.7.13, pytest-3.0.7, py-1.4.33, pluggy-0.4.0
rootdir: /home/mehboob/Desktop/assignment21, inifile:
plugins: timeout-1.2.0
timeout: 5.0s method: signal
collected 0 items / 1 errors

=================================== ERRORS ====================================
______________________ ERROR collecting test_student.py _______________________
../../anaconda2/lib/python2.7/site-packages/_pytest/python.py:418: in _importtestmodule
    mod = self.fspath.pyimport(ensuresyspath=importmode)
../../anaconda2/lib/python2.7/site-packages/py/_path/local.py:662: in pyimport
    __import__(modname)
../../anaconda2/lib/python2.7/site-packages/_pytest/assertion/rewrite.py:216: in load_module
    py.builtin.exec_(co, mod.__dict__)
test_student.py:2: in <module>
    from a05 import is_prime, get_largest_prime, output_factors
E     File "/home/mehboob/Desktop/assignment21/a05.py", line 8
E       retrun False
E                  ^
E   SyntaxError: invalid syntax
!!!!!!!!!!!!!!!!!!! Interrupted: 1 errors during collection !!!!!!!!!!!!!!!!!!!
=========================== 1 error in 0.84 seconds ===========================
============================= test session starts =============================
platform linux2 -- Python 2.7.13, pytest-3.0.7, py-1.4.33, pluggy-0.4.0
rootdir: /home/mehboob/Desktop/assignment21, inifile:
plugins: timeout-1.2.0
timeout: 5.0s method: signal
collected 10 items

test_student.py ....FFF...

================================== FAILURES ===================================
______________________________ test_get_prime_2 _______________________________

    def test_get_prime_2():
>       assert get_largest_prime(87) == 83
E       assert 85 == 83
E        +  where 85 = get_largest_prime(87)

test_student.py:26: AssertionError
______________________________ test_get_prime_3 _______________________________

    def test_get_prime_3():
>       assert get_largest_prime(87.9) == 83

test_student.py:29: 
_ _ _ _ _ _ _ _ _ _ _ _ _ _ _ _ _ _ _ _ _ _ _ _ _ _ _ _ _ _ _ _ _ _ _ _ _ _ _ _
a05.py:35: in get_largest_prime
    return get_largest_prime(x)
a05.py:35: in get_largest_prime
    return get_largest_prime(x)
a05.py:35: in get_largest_prime
    return get_largest_prime(x)
a05.py:35: in get_largest_prime
    return get_largest_prime(x)
a05.py:35: in get_largest_prime
    return get_largest_prime(x)
a05.py:35: in get_largest_prime
    return get_largest_prime(x)
a05.py:35: in get_largest_prime
    return get_largest_prime(x)
a05.py:35: in get_largest_prime
    return get_largest_prime(x)
a05.py:35: in get_largest_prime
    return get_largest_prime(x)
a05.py:35: in get_largest_prime
    return get_largest_prime(x)
a05.py:35: in get_largest_prime
    return get_largest_prime(x)
a05.py:35: in get_largest_prime
    return get_largest_prime(x)
a05.py:35: in get_largest_prime
    return get_largest_prime(x)
a05.py:35: in get_largest_prime
    return get_largest_prime(x)
a05.py:35: in get_largest_prime
    return get_largest_prime(x)
a05.py:35: in get_largest_prime
    return get_largest_prime(x)
a05.py:35: in get_largest_prime
    return get_largest_prime(x)
a05.py:35: in get_largest_prime
    return get_largest_prime(x)
a05.py:35: in get_largest_prime
    return get_largest_prime(x)
a05.py:35: in get_largest_prime
    return get_largest_prime(x)
a05.py:35: in get_largest_prime
    return get_largest_prime(x)
a05.py:35: in get_largest_prime
    return get_largest_prime(x)
a05.py:35: in get_largest_prime
    return get_largest_prime(x)
a05.py:35: in get_largest_prime
    return get_largest_prime(x)
a05.py:35: in get_largest_prime
    return get_largest_prime(x)
a05.py:35: in get_largest_prime
    return get_largest_prime(x)
a05.py:35: in get_largest_prime
    return get_largest_prime(x)
a05.py:35: in get_largest_prime
    return get_largest_prime(x)
a05.py:35: in get_largest_prime
[...]
    return get_largest_prime(x)
a05.py:34: in get_largest_prime
    return get_largest_prime(x)
a05.py:34: in get_largest_prime
    return get_largest_prime(x)
a05.py:34: in get_largest_prime
    return get_largest_prime(x)
a05.py:34: in get_largest_prime
    return get_largest_prime(x)
a05.py:34: in get_largest_prime
    return get_largest_prime(x)
a05.py:34: in get_largest_prime
    return get_largest_prime(x)
a05.py:34: in get_largest_prime
    return get_largest_prime(x)
a05.py:34: in get_largest_prime
    return get_largest_prime(x)
a05.py:34: in get_largest_prime
    return get_largest_prime(x)
a05.py:34: in get_largest_prime
    return get_largest_prime(x)
a05.py:34: in get_largest_prime
    return get_largest_prime(x)
a05.py:34: in get_largest_prime
    return get_largest_prime(x)
a05.py:34: in get_largest_prime
    return get_largest_prime(x)
a05.py:34: in get_largest_prime
    return get_largest_prime(x)
a05.py:34: in get_largest_prime
    return get_largest_prime(x)
a05.py:34: in get_largest_prime
    return get_largest_prime(x)
a05.py:34: in get_largest_prime
    return get_largest_prime(x)
a05.py:34: in get_largest_prime
    return get_largest_prime(x)
a05.py:34: in get_largest_prime
    return get_largest_prime(x)
a05.py:34: in get_largest_prime
    return get_largest_prime(x)
a05.py:34: in get_largest_prime
    return get_largest_prime(x)
a05.py:34: in get_largest_prime
    return get_largest_prime(x)
a05.py:34: in get_largest_prime
    return get_largest_prime(x)
a05.py:34: in get_largest_prime
    return get_largest_prime(x)
a05.py:34: in get_largest_prime
    return get_largest_prime(x)
a05.py:34: in get_largest_prime
    return get_largest_prime(x)
a05.py:34: in get_largest_prime
    return get_largest_prime(x)
a05.py:34: in get_largest_prime
    return get_largest_prime(x)
a05.py:34: in get_largest_prime
    return get_largest_prime(x)
a05.py:34: in get_largest_prime
    return get_largest_prime(x)
a05.py:34: in get_largest_prime
    return get_largest_prime(x)
a05.py:34: in get_largest_prime
    return get_largest_prime(x)
a05.py:34: in get_largest_prime
    return get_largest_prime(x)
a05.py:34: in get_largest_prime
    return get_largest_prime(x)
a05.py:34: in get_largest_prime
    return get_largest_prime(x)
a05.py:34: in get_largest_prime
    return get_largest_prime(x)
a05.py:34: in get_largest_prime
    return get_largest_prime(x)
a05.py:34: in get_largest_prime
    return get_largest_prime(x)
a05.py:34: in get_largest_prime
    return get_largest_prime(x)
a05.py:34: in get_largest_prime
    return get_largest_prime(x)
a05.py:34: in get_largest_prime
    return get_largest_prime(x)
a05.py:34: in get_largest_prime
    return get_largest_prime(x)
a05.py:34: in get_largest_prime
    return get_largest_prime(x)
a05.py:34: in get_largest_prime
    return get_largest_prime(x)
a05.py:34: in get_largest_prime
    return get_largest_prime(x)
a05.py:34: in get_largest_prime
    return get_largest_prime(x)
a05.py:34: in get_largest_prime
    return get_largest_prime(x)
a05.py:34: in get_largest_prime
    return get_largest_prime(x)
a05.py:34: in get_largest_prime
    return get_largest_prime(x)
a05.py:34: in get_largest_prime
    return get_largest_prime(x)
a05.py:34: in get_largest_prime
    return get_largest_prime(x)
a05.py:34: in get_largest_prime
    return get_largest_prime(x)
a05.py:34: in get_largest_prime
    return get_largest_prime(x)
a05.py:34: in get_largest_prime
    return get_largest_prime(x)
a05.py:34: in get_largest_prime
    return get_largest_prime(x)
a05.py:34: in get_largest_prime
    return get_largest_prime(x)
a05.py:34: in get_largest_prime
    return get_largest_prime(x)
a05.py:34: in get_largest_prime
    return get_largest_prime(x)
a05.py:34: in get_largest_prime
    return get_largest_prime(x)
a05.py:34: in get_largest_prime
    return get_largest_prime(x)
a05.py:34: in get_largest_prime
    return get_largest_prime(x)
a05.py:34: in get_largest_prime
    return get_largest_prime(x)
a05.py:34: in get_largest_prime
    return get_largest_prime(x)
a05.py:34: in get_largest_prime
    return get_largest_prime(x)
a05.py:34: in get_largest_prime
    return get_largest_prime(x)
a05.py:34: in get_largest_prime
    return get_largest_prime(x)
a05.py:34: in get_largest_prime
    return get_largest_prime(x)
a05.py:34: in get_largest_prime
    return get_largest_prime(x)
a05.py:34: in get_largest_prime
    return get_largest_prime(x)
a05.py:34: in get_largest_prime
    return get_largest_prime(x)
a05.py:34: in get_largest_prime
    return get_largest_prime(x)
a05.py:34: in get_largest_prime
    return get_largest_prime(x)
a05.py:34: in get_largest_prime
    return get_largest_prime(x)
a05.py:34: in get_largest_prime
    return get_largest_prime(x)
a05.py:34: in get_largest_prime
    return get_largest_prime(x)
a05.py:34: in get_largest_prime
    return get_largest_prime(x)
a05.py:34: in get_largest_prime
    return get_largest_prime(x)
a05.py:34: in get_largest_prime
    return get_largest_prime(x)
a05.py:34: in get_largest_prime
    return get_largest_prime(x)
a05.py:34: in get_largest_prime
    return get_largest_prime(x)
a05.py:34: in get_largest_prime
    return get_largest_prime(x)
a05.py:34: in get_largest_prime
    return get_largest_prime(x)
a05.py:34: in get_largest_prime
    return get_largest_prime(x)
a05.py:34: in get_largest_prime
    return get_largest_prime(x)
a05.py:34: in get_largest_prime
    return get_largest_prime(x)
a05.py:34: in get_largest_prime
    return get_largest_prime(x)
a05.py:34: in get_largest_prime
    return get_largest_prime(x)
a05.py:34: in get_largest_prime
    return get_largest_prime(x)
a05.py:34: in get_largest_prime
    return get_largest_prime(x)
a05.py:34: in get_largest_prime
    return get_largest_prime(x)
a05.py:34: in get_largest_prime
    return get_largest_prime(x)
a05.py:34: in get_largest_prime
    return get_largest_prime(x)
a05.py:34: in get_largest_prime
    return get_largest_prime(x)
a05.py:34: in get_largest_prime
    return get_largest_prime(x)
a05.py:34: in get_largest_prime
    return get_largest_prime(x)
a05.py:34: in get_largest_prime
    return get_largest_prime(x)
a05.py:34: in get_largest_prime
    return get_largest_prime(x)
a05.py:34: in get_largest_prime
    return get_largest_prime(x)
a05.py:34: in get_largest_prime
    return get_largest_prime(x)
a05.py:34: in get_largest_prime
    return get_largest_prime(x)
a05.py:34: in get_largest_prime
    return get_largest_prime(x)
a05.py:34: in get_largest_prime
    return get_largest_prime(x)
a05.py:34: in get_largest_prime
    return get_largest_prime(x)
a05.py:34: in get_largest_prime
    return get_largest_prime(x)
a05.py:34: in get_largest_prime
    return get_largest_prime(x)
a05.py:34: in get_largest_prime
    return get_largest_prime(x)
a05.py:34: in get_largest_prime
    return get_largest_prime(x)
a05.py:34: in get_largest_prime
    return get_largest_prime(x)
a05.py:34: in get_largest_prime
    return get_largest_prime(x)
a05.py:34: in get_largest_prime
    return get_largest_prime(x)
a05.py:34: in get_largest_prime
    return get_largest_prime(x)
a05.py:34: in get_largest_prime
    return get_largest_prime(x)
a05.py:34: in get_largest_prime
    return get_largest_prime(x)
a05.py:34: in get_largest_prime
    return get_largest_prime(x)
a05.py:34: in get_largest_prime
    return get_largest_prime(x)
a05.py:34: in get_largest_prime
    return get_largest_prime(x)
a05.py:34: in get_largest_prime
    return get_largest_prime(x)
a05.py:34: in get_largest_prime
    return get_largest_prime(x)
a05.py:34: in get_largest_prime
    return get_largest_prime(x)
a05.py:34: in get_largest_prime
    return get_largest_prime(x)
a05.py:34: in get_largest_prime
    return get_largest_prime(x)
a05.py:34: in get_largest_prime
    return get_largest_prime(x)
a05.py:34: in get_largest_prime
    return get_largest_prime(x)
a05.py:34: in get_largest_prime
    return get_largest_prime(x)
a05.py:34: in get_largest_prime
    return get_largest_prime(x)
a05.py:34: in get_largest_prime
    return get_largest_prime(x)
a05.py:34: in get_largest_prime
    return get_largest_prime(x)
a05.py:34: in get_largest_prime
    return get_largest_prime(x)
a05.py:34: in get_largest_prime
    return get_largest_prime(x)
a05.py:34: in get_largest_prime
    return get_largest_prime(x)
a05.py:34: in get_largest_prime
    return get_largest_prime(x)
a05.py:34: in get_largest_prime
    return get_largest_prime(x)
a05.py:34: in get_largest_prime
    return get_largest_prime(x)
a05.py:34: in get_largest_prime
    return get_largest_prime(x)
a05.py:34: in get_largest_prime
    return get_largest_prime(x)
a05.py:34: in get_largest_prime
    return get_largest_prime(x)
a05.py:34: in get_largest_prime
    return get_largest_prime(x)
a05.py:34: in get_largest_prime
    return get_largest_prime(x)
a05.py:34: in get_largest_prime
    return get_largest_prime(x)
a05.py:34: in get_largest_prime
    return get_largest_prime(x)
_ _ _ _ _ _ _ _ _ _ _ _ _ _ _ _ _ _ _ _ _ _ _ _ _ _ _ _ _ _ _ _ _ _ _ _ _ _ _ _ 

x = -912

    def get_largest_prime(x):
>       if is_prime(x):
E       RuntimeError: maximum recursion depth exceeded

a05.py:30: RuntimeError
====================== 2 failed, 8 passed in 9.27 seconds ======================
============================================================= test session starts ==============================================================
platform linux2 -- Python 2.7.13, pytest-3.0.7, py-1.4.33, pluggy-0.4.0
rootdir: /home/mehboob/Desktop/assignment21, inifile:
plugins: timeout-1.2.0
timeout: 5.0s method: signal
collected 10 items

test_student.py .....F....

=================================================================== FAILURES ===================================================================
_______________________________________________________________ test_get_prime_3 _______________________________________________________________

    def test_get_prime_3():
>       assert get_largest_prime(87.9) == 83
E       assert None == 83
E        +  where None = get_largest_prime(87.9)

test_student.py:29: AssertionError
====================================================== 1 failed, 9 passed in 0.17 seconds ======================================================
============================================================= test session starts ==============================================================
platform linux2 -- Python 2.7.13, pytest-3.0.7, py-1.4.33, pluggy-0.4.0
rootdir: /home/mehboob/Desktop/assignment21, inifile:
plugins: timeout-1.2.0
timeout: 5.0s method: signal
collected 10 items

test_student.py .....F....

=================================================================== FAILURES ===================================================================
_______________________________________________________________ test_get_prime_3 _______________________________________________________________

    def test_get_prime_3():
>       assert get_largest_prime(87.9) == 83
E       assert None == 83
E        +  where None = get_largest_prime(87.9)

test_student.py:29: AssertionError
====================================================== 1 failed, 9 passed in 0.16 seconds ======================================================
============================================================= test session starts ==============================================================
platform linux2 -- Python 2.7.13, pytest-3.0.7, py-1.4.33, pluggy-0.4.0
rootdir: /home/mehboob/Desktop/assignment21, inifile:
plugins: timeout-1.2.0
timeout: 5.0s method: signal
collected 10 items

test_student.py .....F....

=================================================================== FAILURES ===================================================================
_______________________________________________________________ test_get_prime_3 _______________________________________________________________

    def test_get_prime_3():
>       assert get_largest_prime(87.9) == 83
E       assert None == 83
E        +  where None = get_largest_prime(87.9)

test_student.py:29: AssertionError
====================================================== 1 failed, 9 passed in 0.16 seconds ======================================================
============================= test session starts ==============================
platform linux2 -- Python 2.7.13, pytest-3.0.7, py-1.4.33, pluggy-0.4.0
rootdir: /home/mehboob/Desktop/assignment21, inifile:
plugins: timeout-1.2.0
timeout: 5.0s method: signal
collected 10 items

test_student.py ..........

========================== 10 passed in 0.06 seconds ===========================
============================= test session starts ==============================
platform linux2 -- Python 2.7.13, pytest-3.0.7, py-1.4.33, pluggy-0.4.0
rootdir: /home/mehboob/Desktop/assignment21, inifile:
plugins: timeout-1.2.0
timeout: 5.0s method: signal
collected 10 items

test_student.py ..........

========================== 10 passed in 0.06 seconds ===========================
============================= test session starts ==============================
platform linux2 -- Python 2.7.13, pytest-3.0.7, py-1.4.33, pluggy-0.4.0
rootdir: /home/mehboob/Desktop/assignment21, inifile:
plugins: timeout-1.2.0
timeout: 5.0s method: signal
collected 10 items

test_student.py ..........

========================== 10 passed in 0.24 seconds ===========================
============================= test session starts ==============================
platform linux2 -- Python 2.7.13, pytest-3.0.7, py-1.4.33, pluggy-0.4.0
rootdir: /home/mehboob/Desktop/assignment21, inifile:
plugins: timeout-1.2.0
timeout: 5.0s method: signal
collected 10 items

test_student.py ........FF

=================================== FAILURES ===================================
____________________________ test_output_factors_1 _____________________________

    def test_output_factors_1():
        v, out = capture_output(output_factors)(10)
>       assert out == '\n'.join([str(x) for x in [1, 2, 5, 10]]) + "\n"
E       AssertionError: assert '2\n5\n10\n' == '1\n2\n5\n10\n'
E         + 1
E           2
E           5
E           10

test_student.py:44: AssertionError
____________________________ test_output_factors_2 _____________________________

    def test_output_factors_2():
        v, out = capture_output(output_factors)(99)
>       assert out == '\n'.join([str(x) for x in [1, 3, 9, 11, 33, 99]]) + "\n"
E       AssertionError: assert '3\n9\n11\n33\n99\n' == '1\n3\n9\n11\n33\n99\n'
E         + 1
E           3
E           9
E           11
E           33
E           99

test_student.py:48: AssertionError
====================== 2 failed, 8 passed in 0.86 seconds ======================
============================= test session starts ==============================
platform linux2 -- Python 2.7.13, pytest-3.0.7, py-1.4.33, pluggy-0.4.0
rootdir: /home/mehboob/Desktop/assignment21, inifile:
plugins: timeout-1.2.0
timeout: 5.0s method: signal
collected 10 items

test_student.py ..........

========================== 10 passed in 0.10 seconds ===========================
============================= test session starts ==============================
platform linux2 -- Python 2.7.13, pytest-3.0.7, py-1.4.33, pluggy-0.4.0
rootdir: /home/mehboob/Desktop/assignment21, inifile:
plugins: timeout-1.2.0
timeout: 5.0s method: signal
collected 10 items

test_student.py ..........

========================== 10 passed in 0.05 seconds ===========================
============================= test session starts ==============================
platform linux2 -- Python 2.7.13, pytest-3.0.7, py-1.4.33, pluggy-0.4.0
rootdir: /home/mehboob/Desktop/assignment21, inifile:
plugins: timeout-1.2.0
timeout: 5.0s method: signal
collected 10 items

test_student.py ........FF

=================================== FAILURES ===================================
____________________________ test_output_factors_1 _____________________________

    def test_output_factors_1():
        v, out = capture_output(output_factors)(10)
>       assert out == '\n'.join([str(x) for x in [1, 2, 5, 10]]) + "\n"
E       AssertionError: assert '1\n2\n' == '1\n2\n5\n10\n'
E           1
E           2
E         + 5
E         + 10

test_student.py:44: AssertionError
____________________________ test_output_factors_2 _____________________________

    def test_output_factors_2():
        v, out = capture_output(output_factors)(99)
>       assert out == '\n'.join([str(x) for x in [1, 3, 9, 11, 33, 99]]) + "\n"
E       AssertionError: assert '1\n' == '1\n3\n9\n11\n33\n99\n'
E           1
E         + 3
E         + 9
E         + 11
E         + 33
E         + 99

test_student.py:48: AssertionError
====================== 2 failed, 8 passed in 0.25 seconds ======================
============================= test session starts ==============================
platform linux2 -- Python 2.7.13, pytest-3.0.7, py-1.4.33, pluggy-0.4.0
rootdir: /home/mehboob/Desktop/assignment21, inifile:
plugins: timeout-1.2.0
timeout: 5.0s method: signal
collected 10 items

test_student.py ..........

========================== 10 passed in 0.05 seconds ===========================
============================= test session starts ==============================
platform linux2 -- Python 2.7.13, pytest-3.0.7, py-1.4.33, pluggy-0.4.0
rootdir: /home/mehboob/Desktop/assignment21, inifile:
plugins: timeout-1.2.0
timeout: 5.0s method: signal
collected 0 items / 1 errors

==================================== ERRORS ====================================
_______________________ ERROR collecting test_student.py _______________________
../../anaconda2/lib/python2.7/site-packages/_pytest/python.py:418: in _importtestmodule
    mod = self.fspath.pyimport(ensuresyspath=importmode)
../../anaconda2/lib/python2.7/site-packages/py/_path/local.py:662: in pyimport
    __import__(modname)
../../anaconda2/lib/python2.7/site-packages/_pytest/assertion/rewrite.py:216: in load_module
    py.builtin.exec_(co, mod.__dict__)
test_student.py:2: in <module>
    from a05 import is_prime, get_largest_prime, output_factors
E     File "/home/mehboob/Desktop/assignment21/a05.py", line 15
E       else:
E          ^
E   SyntaxError: invalid syntax
!!!!!!!!!!!!!!!!!!! Interrupted: 1 errors during collection !!!!!!!!!!!!!!!!!!!!
=========================== 1 error in 0.92 seconds ============================
============================= test session starts ==============================
platform linux2 -- Python 2.7.13, pytest-3.0.7, py-1.4.33, pluggy-0.4.0
rootdir: /home/mehboob/Desktop/assignment21, inifile:
plugins: timeout-1.2.0
timeout: 5.0s method: signal
collected 10 items

test_student.py ..........

========================== 10 passed in 0.05 seconds ===========================
============================= test session starts ==============================
platform linux2 -- Python 2.7.13, pytest-3.0.7, py-1.4.33, pluggy-0.4.0
rootdir: /home/mehboob/Desktop/assignment21, inifile:
plugins: timeout-1.2.0
timeout: 5.0s method: signal
collected 10 items

test_student.py ..........

========================== 10 passed in 0.05 seconds ===========================
============================= test session starts ==============================
platform linux2 -- Python 2.7.13, pytest-3.0.7, py-1.4.33, pluggy-0.4.0
rootdir: /home/mehboob/Desktop/assignment21, inifile:
plugins: timeout-1.2.0
timeout: 5.0s method: signal
collected 10 items

test_student.py ..........

========================== 10 passed in 0.05 seconds ===========================
============================= test session starts ==============================
platform linux2 -- Python 2.7.13, pytest-3.0.7, py-1.4.33, pluggy-0.4.0
rootdir: /home/mehboob/Desktop/assignment21, inifile:
plugins: timeout-1.2.0
timeout: 5.0s method: signal
collected 10 items

test_student.py ..........

========================== 10 passed in 0.13 seconds ===========================
